{"/workspaces/DSA-Practice/src/0035-DSA:_Recursion_1/05-checkPalindrome/checkPalindrome.js": {"path":"/workspaces/DSA-Practice/src/0035-DSA:_Recursion_1/05-checkPalindrome/checkPalindrome.js","all":false,"statementMap":{"0":{"start":{"line":1,"column":0},"end":{"line":1,"column":18}},"1":{"start":{"line":2,"column":0},"end":{"line":2,"column":19}},"2":{"start":{"line":3,"column":0},"end":{"line":3,"column":32}},"3":{"start":{"line":4,"column":0},"end":{"line":4,"column":28}},"4":{"start":{"line":5,"column":0},"end":{"line":5,"column":27}},"5":{"start":{"line":6,"column":0},"end":{"line":6,"column":1}},"6":{"start":{"line":7,"column":0},"end":{"line":7,"column":0}},"7":{"start":{"line":8,"column":0},"end":{"line":8,"column":18}},"8":{"start":{"line":9,"column":0},"end":{"line":9,"column":26}},"9":{"start":{"line":10,"column":0},"end":{"line":10,"column":32}},"10":{"start":{"line":11,"column":0},"end":{"line":11,"column":0}},"11":{"start":{"line":12,"column":0},"end":{"line":12,"column":30}},"12":{"start":{"line":13,"column":0},"end":{"line":13,"column":35}},"13":{"start":{"line":14,"column":0},"end":{"line":14,"column":27}},"14":{"start":{"line":15,"column":0},"end":{"line":15,"column":1}},"15":{"start":{"line":16,"column":0},"end":{"line":16,"column":0}},"16":{"start":{"line":17,"column":0},"end":{"line":17,"column":38}},"17":{"start":{"line":18,"column":0},"end":{"line":18,"column":33}},"18":{"start":{"line":19,"column":0},"end":{"line":19,"column":53}},"19":{"start":{"line":20,"column":0},"end":{"line":20,"column":54}},"20":{"start":{"line":21,"column":0},"end":{"line":21,"column":38}},"21":{"start":{"line":22,"column":0},"end":{"line":22,"column":1}},"22":{"start":{"line":23,"column":0},"end":{"line":23,"column":0}},"23":{"start":{"line":24,"column":0},"end":{"line":24,"column":36}},"24":{"start":{"line":25,"column":0},"end":{"line":25,"column":57}},"25":{"start":{"line":26,"column":0},"end":{"line":26,"column":69}},"26":{"start":{"line":27,"column":0},"end":{"line":27,"column":31}},"27":{"start":{"line":28,"column":0},"end":{"line":28,"column":2}},"28":{"start":{"line":29,"column":0},"end":{"line":29,"column":60}},"29":{"start":{"line":30,"column":0},"end":{"line":30,"column":38}},"30":{"start":{"line":31,"column":0},"end":{"line":31,"column":2}},"31":{"start":{"line":32,"column":0},"end":{"line":32,"column":42}},"32":{"start":{"line":33,"column":0},"end":{"line":33,"column":47}},"33":{"start":{"line":34,"column":0},"end":{"line":34,"column":1}},"34":{"start":{"line":35,"column":0},"end":{"line":35,"column":0}},"35":{"start":{"line":36,"column":0},"end":{"line":36,"column":0}},"36":{"start":{"line":37,"column":0},"end":{"line":37,"column":0}},"37":{"start":{"line":38,"column":0},"end":{"line":38,"column":0}},"38":{"start":{"line":39,"column":0},"end":{"line":39,"column":0}},"39":{"start":{"line":40,"column":0},"end":{"line":40,"column":24}},"40":{"start":{"line":41,"column":0},"end":{"line":41,"column":30}},"41":{"start":{"line":42,"column":0},"end":{"line":42,"column":9}},"42":{"start":{"line":43,"column":0},"end":{"line":43,"column":22}},"43":{"start":{"line":44,"column":0},"end":{"line":44,"column":28}},"44":{"start":{"line":45,"column":0},"end":{"line":45,"column":0}},"45":{"start":{"line":46,"column":0},"end":{"line":46,"column":48}},"46":{"start":{"line":47,"column":0},"end":{"line":47,"column":37}},"47":{"start":{"line":48,"column":0},"end":{"line":48,"column":4}},"48":{"start":{"line":49,"column":0},"end":{"line":49,"column":78}},"49":{"start":{"line":50,"column":0},"end":{"line":50,"column":35}},"50":{"start":{"line":51,"column":0},"end":{"line":51,"column":5}},"51":{"start":{"line":52,"column":0},"end":{"line":52,"column":4}},"52":{"start":{"line":53,"column":0},"end":{"line":53,"column":13}},"53":{"start":{"line":54,"column":0},"end":{"line":54,"column":1}}},"s":{"0":1,"1":1,"2":1,"3":11,"4":11,"5":11,"6":1,"7":1,"8":11,"9":11,"10":9,"11":9,"12":9,"13":9,"14":9,"15":1,"16":1,"17":0,"18":0,"19":0,"20":0,"21":0,"22":1,"23":1,"24":27,"25":27,"26":27,"27":22,"28":22,"29":27,"30":18,"31":18,"32":18,"33":18,"34":1,"35":1,"36":1,"37":1,"38":1,"39":0,"40":0,"41":0,"42":0,"43":0,"44":0,"45":0,"46":0,"47":0,"48":0,"49":0,"50":0,"51":0,"52":0,"53":0},"branchMap":{"0":{"type":"branch","line":3,"loc":{"start":{"line":3,"column":18},"end":{"line":6,"column":1}},"locations":[{"start":{"line":3,"column":18},"end":{"line":6,"column":1}}]},"1":{"type":"branch","line":9,"loc":{"start":{"line":9,"column":0},"end":{"line":15,"column":1}},"locations":[{"start":{"line":9,"column":0},"end":{"line":15,"column":1}}]},"2":{"type":"branch","line":10,"loc":{"start":{"line":10,"column":23},"end":{"line":10,"column":32}},"locations":[{"start":{"line":10,"column":23},"end":{"line":10,"column":32}}]},"3":{"type":"branch","line":10,"loc":{"start":{"line":10,"column":31},"end":{"line":15,"column":1}},"locations":[{"start":{"line":10,"column":31},"end":{"line":15,"column":1}}]},"4":{"type":"branch","line":25,"loc":{"start":{"line":25,"column":0},"end":{"line":34,"column":1}},"locations":[{"start":{"line":25,"column":0},"end":{"line":34,"column":1}}]},"5":{"type":"branch","line":27,"loc":{"start":{"line":27,"column":22},"end":{"line":27,"column":31}},"locations":[{"start":{"line":27,"column":22},"end":{"line":27,"column":31}}]},"6":{"type":"branch","line":27,"loc":{"start":{"line":27,"column":30},"end":{"line":30,"column":29}},"locations":[{"start":{"line":27,"column":30},"end":{"line":30,"column":29}}]},"7":{"type":"branch","line":30,"loc":{"start":{"line":30,"column":29},"end":{"line":30,"column":38}},"locations":[{"start":{"line":30,"column":29},"end":{"line":30,"column":38}}]},"8":{"type":"branch","line":30,"loc":{"start":{"line":30,"column":37},"end":{"line":34,"column":1}},"locations":[{"start":{"line":30,"column":37},"end":{"line":34,"column":1}}]}},"b":{"0":[11],"1":[11],"2":[2],"3":[9],"4":[27],"5":[5],"6":[22],"7":[4],"8":[18]},"fnMap":{"0":{"name":"Object.<anonymous>.module.exports","decl":{"start":{"line":3,"column":18},"end":{"line":6,"column":1}},"loc":{"start":{"line":3,"column":18},"end":{"line":6,"column":1}},"line":3},"1":{"name":"optimisation","decl":{"start":{"line":9,"column":0},"end":{"line":15,"column":1}},"loc":{"start":{"line":9,"column":0},"end":{"line":15,"column":1}},"line":9},"2":{"name":"isPalindrome_0","decl":{"start":{"line":18,"column":0},"end":{"line":22,"column":1}},"loc":{"start":{"line":18,"column":0},"end":{"line":22,"column":1}},"line":18},"3":{"name":"isPalindrome","decl":{"start":{"line":25,"column":0},"end":{"line":34,"column":1}},"loc":{"start":{"line":25,"column":0},"end":{"line":34,"column":1}},"line":25},"4":{"name":"bruteForce","decl":{"start":{"line":40,"column":0},"end":{"line":54,"column":1}},"loc":{"start":{"line":40,"column":0},"end":{"line":54,"column":1}},"line":40}},"f":{"0":11,"1":11,"2":0,"3":27,"4":0}}
,"/workspaces/DSA-Practice/src/0045-DSA:_Hashing_2/02-countPairDifference/countPairDifference.js": {"path":"/workspaces/DSA-Practice/src/0045-DSA:_Hashing_2/02-countPairDifference/countPairDifference.js","all":false,"statementMap":{"0":{"start":{"line":1,"column":0},"end":{"line":1,"column":34}},"1":{"start":{"line":2,"column":0},"end":{"line":2,"column":27}},"2":{"start":{"line":3,"column":0},"end":{"line":3,"column":19}},"3":{"start":{"line":4,"column":0},"end":{"line":4,"column":40}},"4":{"start":{"line":5,"column":0},"end":{"line":5,"column":37}},"5":{"start":{"line":6,"column":0},"end":{"line":6,"column":57}},"6":{"start":{"line":7,"column":0},"end":{"line":7,"column":5}},"7":{"start":{"line":8,"column":0},"end":{"line":8,"column":0}},"8":{"start":{"line":9,"column":0},"end":{"line":9,"column":40}},"9":{"start":{"line":10,"column":0},"end":{"line":10,"column":46}},"10":{"start":{"line":11,"column":0},"end":{"line":11,"column":39}},"11":{"start":{"line":12,"column":0},"end":{"line":12,"column":51}},"12":{"start":{"line":13,"column":0},"end":{"line":13,"column":28}},"13":{"start":{"line":14,"column":0},"end":{"line":14,"column":5}},"14":{"start":{"line":15,"column":0},"end":{"line":15,"column":46}},"15":{"start":{"line":16,"column":0},"end":{"line":16,"column":1}}},"s":{"0":1,"1":7,"2":7,"3":7,"4":33,"5":33,"6":33,"7":7,"8":7,"9":33,"10":33,"11":33,"12":33,"13":33,"14":7,"15":7},"branchMap":{"0":{"type":"branch","line":1,"loc":{"start":{"line":1,"column":17},"end":{"line":16,"column":1}},"locations":[{"start":{"line":1,"column":17},"end":{"line":16,"column":1}}]},"1":{"type":"branch","line":4,"loc":{"start":{"line":4,"column":39},"end":{"line":7,"column":5}},"locations":[{"start":{"line":4,"column":39},"end":{"line":7,"column":5}}]},"2":{"type":"branch","line":6,"loc":{"start":{"line":6,"column":44},"end":{"line":6,"column":50}},"locations":[{"start":{"line":6,"column":44},"end":{"line":6,"column":50}}]},"3":{"type":"branch","line":9,"loc":{"start":{"line":9,"column":39},"end":{"line":14,"column":5}},"locations":[{"start":{"line":9,"column":39},"end":{"line":14,"column":5}}]},"4":{"type":"branch","line":11,"loc":{"start":{"line":11,"column":32},"end":{"line":11,"column":38}},"locations":[{"start":{"line":11,"column":32},"end":{"line":11,"column":38}}]},"5":{"type":"branch","line":12,"loc":{"start":{"line":12,"column":31},"end":{"line":12,"column":43}},"locations":[{"start":{"line":12,"column":31},"end":{"line":12,"column":43}}]},"6":{"type":"branch","line":12,"loc":{"start":{"line":12,"column":45},"end":{"line":12,"column":51}},"locations":[{"start":{"line":12,"column":45},"end":{"line":12,"column":51}}]}},"b":{"0":[7],"1":[33],"2":[26],"3":[33],"4":[16],"5":[5],"6":[5]},"fnMap":{"0":{"name":"Object.<anonymous>.module.exports","decl":{"start":{"line":1,"column":17},"end":{"line":16,"column":1}},"loc":{"start":{"line":1,"column":17},"end":{"line":16,"column":1}},"line":1}},"f":{"0":7}}
,"/workspaces/DSA-Practice/src/0045-DSA:_Hashing_2/03-subArraySum/subArraySum.js": {"path":"/workspaces/DSA-Practice/src/0045-DSA:_Hashing_2/03-subArraySum/subArraySum.js","all":false,"statementMap":{"0":{"start":{"line":1,"column":0},"end":{"line":1,"column":34}},"1":{"start":{"line":2,"column":0},"end":{"line":2,"column":28}},"2":{"start":{"line":3,"column":0},"end":{"line":3,"column":1}},"3":{"start":{"line":4,"column":0},"end":{"line":4,"column":0}},"4":{"start":{"line":5,"column":0},"end":{"line":5,"column":27}},"5":{"start":{"line":6,"column":0},"end":{"line":6,"column":18}},"6":{"start":{"line":7,"column":0},"end":{"line":7,"column":40}},"7":{"start":{"line":8,"column":0},"end":{"line":8,"column":44}},"8":{"start":{"line":9,"column":0},"end":{"line":9,"column":24}},"9":{"start":{"line":10,"column":0},"end":{"line":10,"column":42}},"10":{"start":{"line":11,"column":0},"end":{"line":11,"column":28}},"11":{"start":{"line":12,"column":0},"end":{"line":12,"column":13}},"12":{"start":{"line":13,"column":0},"end":{"line":13,"column":34}},"13":{"start":{"line":14,"column":0},"end":{"line":14,"column":9}},"14":{"start":{"line":15,"column":0},"end":{"line":15,"column":5}},"15":{"start":{"line":16,"column":0},"end":{"line":16,"column":17}},"16":{"start":{"line":17,"column":0},"end":{"line":17,"column":1}},"17":{"start":{"line":18,"column":0},"end":{"line":18,"column":0}},"18":{"start":{"line":19,"column":0},"end":{"line":19,"column":7}}},"s":{"0":1,"1":3,"2":3,"3":1,"4":3,"5":3,"6":3,"7":12,"8":31,"9":31,"10":65,"11":65,"12":31,"13":31,"14":12,"15":3,"16":3,"17":1,"18":1},"branchMap":{"0":{"type":"branch","line":1,"loc":{"start":{"line":1,"column":17},"end":{"line":3,"column":1}},"locations":[{"start":{"line":1,"column":17},"end":{"line":3,"column":1}}]},"1":{"type":"branch","line":5,"loc":{"start":{"line":5,"column":0},"end":{"line":17,"column":1}},"locations":[{"start":{"line":5,"column":0},"end":{"line":17,"column":1}}]},"2":{"type":"branch","line":7,"loc":{"start":{"line":7,"column":39},"end":{"line":15,"column":5}},"locations":[{"start":{"line":7,"column":39},"end":{"line":15,"column":5}}]},"3":{"type":"branch","line":8,"loc":{"start":{"line":8,"column":43},"end":{"line":14,"column":9}},"locations":[{"start":{"line":8,"column":43},"end":{"line":14,"column":9}}]},"4":{"type":"branch","line":10,"loc":{"start":{"line":10,"column":41},"end":{"line":12,"column":13}},"locations":[{"start":{"line":10,"column":41},"end":{"line":12,"column":13}}]},"5":{"type":"branch","line":13,"loc":{"start":{"line":13,"column":26},"end":{"line":13,"column":34}},"locations":[{"start":{"line":13,"column":26},"end":{"line":13,"column":34}}]}},"b":{"0":[3],"1":[3],"2":[12],"3":[31],"4":[65],"5":[13]},"fnMap":{"0":{"name":"Object.<anonymous>.module.exports","decl":{"start":{"line":1,"column":17},"end":{"line":3,"column":1}},"loc":{"start":{"line":1,"column":17},"end":{"line":3,"column":1}},"line":1},"1":{"name":"bruteForce","decl":{"start":{"line":5,"column":0},"end":{"line":17,"column":1}},"loc":{"start":{"line":5,"column":0},"end":{"line":17,"column":1}},"line":5}},"f":{"0":3,"1":3}}
,"/workspaces/DSA-Practice/src/0049-DSA:_Sorting_1:_Count_Sort_&_Merge_Sort/01-mergeTwoSortedArrays/mergeTwoSortedArrays.js": {"path":"/workspaces/DSA-Practice/src/0049-DSA:_Sorting_1:_Count_Sort_&_Merge_Sort/01-mergeTwoSortedArrays/mergeTwoSortedArrays.js","all":false,"statementMap":{"0":{"start":{"line":1,"column":0},"end":{"line":1,"column":33}},"1":{"start":{"line":2,"column":0},"end":{"line":2,"column":26}},"2":{"start":{"line":3,"column":0},"end":{"line":3,"column":1}},"3":{"start":{"line":4,"column":0},"end":{"line":4,"column":0}},"4":{"start":{"line":5,"column":0},"end":{"line":5,"column":24}},"5":{"start":{"line":6,"column":0},"end":{"line":6,"column":28}},"6":{"start":{"line":7,"column":0},"end":{"line":7,"column":21}},"7":{"start":{"line":8,"column":0},"end":{"line":8,"column":0}},"8":{"start":{"line":9,"column":0},"end":{"line":9,"column":36}},"9":{"start":{"line":10,"column":0},"end":{"line":10,"column":46}},"10":{"start":{"line":11,"column":0},"end":{"line":11,"column":27}},"11":{"start":{"line":12,"column":0},"end":{"line":12,"column":33}},"12":{"start":{"line":13,"column":0},"end":{"line":13,"column":17}},"13":{"start":{"line":14,"column":0},"end":{"line":14,"column":5}},"14":{"start":{"line":15,"column":0},"end":{"line":15,"column":0}},"15":{"start":{"line":16,"column":0},"end":{"line":16,"column":26}},"16":{"start":{"line":17,"column":0},"end":{"line":17,"column":27}},"17":{"start":{"line":18,"column":0},"end":{"line":18,"column":16}},"18":{"start":{"line":19,"column":0},"end":{"line":19,"column":9}},"19":{"start":{"line":20,"column":0},"end":{"line":20,"column":0}},"20":{"start":{"line":21,"column":0},"end":{"line":21,"column":26}},"21":{"start":{"line":22,"column":0},"end":{"line":22,"column":27}},"22":{"start":{"line":23,"column":0},"end":{"line":23,"column":16}},"23":{"start":{"line":24,"column":0},"end":{"line":24,"column":9}},"24":{"start":{"line":25,"column":0},"end":{"line":25,"column":0}},"25":{"start":{"line":26,"column":0},"end":{"line":26,"column":15}},"26":{"start":{"line":27,"column":0},"end":{"line":27,"column":0}},"27":{"start":{"line":28,"column":0},"end":{"line":28,"column":1}}},"s":{"0":1,"1":2,"2":2,"3":1,"4":2,"5":2,"6":2,"7":2,"8":2,"9":5,"10":5,"11":5,"12":1,"13":5,"14":2,"15":2,"16":3,"17":3,"18":3,"19":2,"20":2,"21":0,"22":0,"23":0,"24":2,"25":2,"26":2,"27":2},"branchMap":{"0":{"type":"branch","line":1,"loc":{"start":{"line":1,"column":17},"end":{"line":3,"column":1}},"locations":[{"start":{"line":1,"column":17},"end":{"line":3,"column":1}}]},"1":{"type":"branch","line":5,"loc":{"start":{"line":5,"column":0},"end":{"line":28,"column":1}},"locations":[{"start":{"line":5,"column":0},"end":{"line":28,"column":1}}]},"2":{"type":"branch","line":9,"loc":{"start":{"line":9,"column":20},"end":{"line":9,"column":34}},"locations":[{"start":{"line":9,"column":20},"end":{"line":9,"column":34}}]},"3":{"type":"branch","line":9,"loc":{"start":{"line":9,"column":35},"end":{"line":14,"column":5}},"locations":[{"start":{"line":9,"column":35},"end":{"line":14,"column":5}}]},"4":{"type":"branch","line":12,"loc":{"start":{"line":12,"column":29},"end":{"line":12,"column":33}},"locations":[{"start":{"line":12,"column":29},"end":{"line":12,"column":33}}]},"5":{"type":"branch","line":13,"loc":{"start":{"line":13,"column":-1},"end":{"line":13,"column":17}},"locations":[{"start":{"line":13,"column":-1},"end":{"line":13,"column":17}}]},"6":{"type":"branch","line":16,"loc":{"start":{"line":16,"column":25},"end":{"line":19,"column":9}},"locations":[{"start":{"line":16,"column":25},"end":{"line":19,"column":9}}]},"7":{"type":"branch","line":21,"loc":{"start":{"line":21,"column":25},"end":{"line":24,"column":9}},"locations":[{"start":{"line":21,"column":25},"end":{"line":24,"column":9}}]}},"b":{"0":[2],"1":[2],"2":[5],"3":[5],"4":[4],"5":[1],"6":[3],"7":[0]},"fnMap":{"0":{"name":"Object.<anonymous>.module.exports","decl":{"start":{"line":1,"column":17},"end":{"line":3,"column":1}},"loc":{"start":{"line":1,"column":17},"end":{"line":3,"column":1}},"line":1},"1":{"name":"solution","decl":{"start":{"line":5,"column":0},"end":{"line":28,"column":1}},"loc":{"start":{"line":5,"column":0},"end":{"line":28,"column":1}},"line":5}},"f":{"0":2,"1":2}}
,"/workspaces/DSA-Practice/src/0049-DSA:_Sorting_1:_Count_Sort_&_Merge_Sort/02-inversionCountInAnArray/inversionCount.js": {"path":"/workspaces/DSA-Practice/src/0049-DSA:_Sorting_1:_Count_Sort_&_Merge_Sort/02-inversionCountInAnArray/inversionCount.js","all":false,"statementMap":{"0":{"start":{"line":1,"column":0},"end":{"line":1,"column":28}},"1":{"start":{"line":2,"column":0},"end":{"line":2,"column":0}},"2":{"start":{"line":3,"column":0},"end":{"line":3,"column":0}},"3":{"start":{"line":4,"column":0},"end":{"line":4,"column":22}},"4":{"start":{"line":5,"column":0},"end":{"line":5,"column":44}},"5":{"start":{"line":6,"column":0},"end":{"line":6,"column":1}},"6":{"start":{"line":7,"column":0},"end":{"line":7,"column":0}},"7":{"start":{"line":8,"column":0},"end":{"line":8,"column":34}},"8":{"start":{"line":9,"column":0},"end":{"line":9,"column":17}},"9":{"start":{"line":10,"column":0},"end":{"line":10,"column":17}},"10":{"start":{"line":11,"column":0},"end":{"line":11,"column":5}},"11":{"start":{"line":12,"column":0},"end":{"line":12,"column":0}},"12":{"start":{"line":13,"column":0},"end":{"line":13,"column":32}},"13":{"start":{"line":14,"column":0},"end":{"line":14,"column":0}},"14":{"start":{"line":15,"column":0},"end":{"line":15,"column":36}},"15":{"start":{"line":16,"column":0},"end":{"line":16,"column":38}},"16":{"start":{"line":17,"column":0},"end":{"line":17,"column":45}},"17":{"start":{"line":18,"column":0},"end":{"line":18,"column":0}},"18":{"start":{"line":19,"column":0},"end":{"line":19,"column":47}},"19":{"start":{"line":20,"column":0},"end":{"line":20,"column":1}},"20":{"start":{"line":21,"column":0},"end":{"line":21,"column":0}},"21":{"start":{"line":22,"column":0},"end":{"line":22,"column":42}},"22":{"start":{"line":23,"column":0},"end":{"line":23,"column":18}},"23":{"start":{"line":24,"column":0},"end":{"line":24,"column":4}},"24":{"start":{"line":25,"column":0},"end":{"line":25,"column":14}},"25":{"start":{"line":26,"column":0},"end":{"line":26,"column":16}},"26":{"start":{"line":27,"column":0},"end":{"line":27,"column":26}},"27":{"start":{"line":28,"column":0},"end":{"line":28,"column":14}},"28":{"start":{"line":29,"column":0},"end":{"line":29,"column":0}},"29":{"start":{"line":30,"column":0},"end":{"line":30,"column":26}},"30":{"start":{"line":31,"column":0},"end":{"line":31,"column":23}},"31":{"start":{"line":32,"column":0},"end":{"line":32,"column":27}},"32":{"start":{"line":33,"column":0},"end":{"line":33,"column":16}},"33":{"start":{"line":34,"column":0},"end":{"line":34,"column":16}},"34":{"start":{"line":35,"column":0},"end":{"line":35,"column":16}},"35":{"start":{"line":36,"column":0},"end":{"line":36,"column":27}},"36":{"start":{"line":37,"column":0},"end":{"line":37,"column":16}},"37":{"start":{"line":38,"column":0},"end":{"line":38,"column":27}},"38":{"start":{"line":39,"column":0},"end":{"line":39,"column":16}},"39":{"start":{"line":40,"column":0},"end":{"line":40,"column":9}},"40":{"start":{"line":41,"column":0},"end":{"line":41,"column":5}},"41":{"start":{"line":42,"column":0},"end":{"line":42,"column":0}},"42":{"start":{"line":43,"column":0},"end":{"line":43,"column":16}},"43":{"start":{"line":44,"column":0},"end":{"line":44,"column":23}},"44":{"start":{"line":45,"column":0},"end":{"line":45,"column":12}},"45":{"start":{"line":46,"column":0},"end":{"line":46,"column":12}},"46":{"start":{"line":47,"column":0},"end":{"line":47,"column":5}},"47":{"start":{"line":48,"column":0},"end":{"line":48,"column":0}},"48":{"start":{"line":49,"column":0},"end":{"line":49,"column":16}},"49":{"start":{"line":50,"column":0},"end":{"line":50,"column":23}},"50":{"start":{"line":51,"column":0},"end":{"line":51,"column":12}},"51":{"start":{"line":52,"column":0},"end":{"line":52,"column":12}},"52":{"start":{"line":53,"column":0},"end":{"line":53,"column":5}},"53":{"start":{"line":54,"column":0},"end":{"line":54,"column":0}},"54":{"start":{"line":55,"column":0},"end":{"line":55,"column":16}},"55":{"start":{"line":56,"column":0},"end":{"line":56,"column":30}},"56":{"start":{"line":57,"column":0},"end":{"line":57,"column":27}},"57":{"start":{"line":58,"column":0},"end":{"line":58,"column":5}},"58":{"start":{"line":59,"column":0},"end":{"line":59,"column":0}},"59":{"start":{"line":60,"column":0},"end":{"line":60,"column":17}},"60":{"start":{"line":61,"column":0},"end":{"line":61,"column":1}},"61":{"start":{"line":62,"column":0},"end":{"line":62,"column":0}},"62":{"start":{"line":63,"column":0},"end":{"line":63,"column":19}},"63":{"start":{"line":64,"column":0},"end":{"line":64,"column":1}},"64":{"start":{"line":65,"column":0},"end":{"line":65,"column":0}},"65":{"start":{"line":66,"column":0},"end":{"line":66,"column":24}},"66":{"start":{"line":67,"column":0},"end":{"line":67,"column":18}},"67":{"start":{"line":68,"column":0},"end":{"line":68,"column":44}},"68":{"start":{"line":69,"column":0},"end":{"line":69,"column":44}},"69":{"start":{"line":70,"column":0},"end":{"line":70,"column":39}},"70":{"start":{"line":71,"column":0},"end":{"line":71,"column":27}},"71":{"start":{"line":72,"column":0},"end":{"line":72,"column":13}},"72":{"start":{"line":73,"column":0},"end":{"line":73,"column":9}},"73":{"start":{"line":74,"column":0},"end":{"line":74,"column":5}},"74":{"start":{"line":75,"column":0},"end":{"line":75,"column":41}},"75":{"start":{"line":76,"column":0},"end":{"line":76,"column":1}},"76":{"start":{"line":77,"column":0},"end":{"line":77,"column":0}},"77":{"start":{"line":78,"column":0},"end":{"line":78,"column":0}},"78":{"start":{"line":79,"column":0},"end":{"line":79,"column":23}}},"s":{"0":1,"1":5,"2":5,"3":5,"4":5,"5":5,"6":5,"7":55,"8":55,"9":30,"10":30,"11":25,"12":25,"13":25,"14":25,"15":25,"16":25,"17":25,"18":25,"19":25,"20":5,"21":25,"22":25,"23":25,"24":25,"25":25,"26":25,"27":25,"28":25,"29":25,"30":54,"31":33,"32":33,"33":33,"34":54,"35":21,"36":21,"37":21,"38":21,"39":21,"40":54,"41":25,"42":25,"43":14,"44":14,"45":14,"46":14,"47":25,"48":25,"49":17,"50":17,"51":17,"52":17,"53":25,"54":25,"55":25,"56":85,"57":85,"58":25,"59":25,"60":25,"61":5,"62":5,"63":5,"64":1,"65":0,"66":0,"67":0,"68":0,"69":0,"70":0,"71":0,"72":0,"73":0,"74":0,"75":0,"76":1,"77":1,"78":1},"branchMap":{"0":{"type":"branch","line":1,"loc":{"start":{"line":1,"column":14},"end":{"line":64,"column":1}},"locations":[{"start":{"line":1,"column":14},"end":{"line":64,"column":1}}]},"1":{"type":"branch","line":4,"loc":{"start":{"line":4,"column":0},"end":{"line":6,"column":1}},"locations":[{"start":{"line":4,"column":0},"end":{"line":6,"column":1}}]},"2":{"type":"branch","line":8,"loc":{"start":{"line":8,"column":0},"end":{"line":20,"column":1}},"locations":[{"start":{"line":8,"column":0},"end":{"line":20,"column":1}}]},"3":{"type":"branch","line":9,"loc":{"start":{"line":9,"column":16},"end":{"line":11,"column":5}},"locations":[{"start":{"line":9,"column":16},"end":{"line":11,"column":5}}]},"4":{"type":"branch","line":11,"loc":{"start":{"line":11,"column":4},"end":{"line":20,"column":1}},"locations":[{"start":{"line":11,"column":4},"end":{"line":20,"column":1}}]},"5":{"type":"branch","line":22,"loc":{"start":{"line":22,"column":0},"end":{"line":61,"column":1}},"locations":[{"start":{"line":22,"column":0},"end":{"line":61,"column":1}}]},"6":{"type":"branch","line":30,"loc":{"start":{"line":30,"column":15},"end":{"line":30,"column":24}},"locations":[{"start":{"line":30,"column":15},"end":{"line":30,"column":24}}]},"7":{"type":"branch","line":30,"loc":{"start":{"line":30,"column":25},"end":{"line":41,"column":5}},"locations":[{"start":{"line":30,"column":25},"end":{"line":41,"column":5}}]},"8":{"type":"branch","line":31,"loc":{"start":{"line":31,"column":22},"end":{"line":35,"column":9}},"locations":[{"start":{"line":31,"column":22},"end":{"line":35,"column":9}}]},"9":{"type":"branch","line":35,"loc":{"start":{"line":35,"column":9},"end":{"line":40,"column":9}},"locations":[{"start":{"line":35,"column":9},"end":{"line":40,"column":9}}]},"10":{"type":"branch","line":43,"loc":{"start":{"line":43,"column":15},"end":{"line":47,"column":5}},"locations":[{"start":{"line":43,"column":15},"end":{"line":47,"column":5}}]},"11":{"type":"branch","line":49,"loc":{"start":{"line":49,"column":15},"end":{"line":53,"column":5}},"locations":[{"start":{"line":49,"column":15},"end":{"line":53,"column":5}}]},"12":{"type":"branch","line":56,"loc":{"start":{"line":56,"column":29},"end":{"line":58,"column":5}},"locations":[{"start":{"line":56,"column":29},"end":{"line":58,"column":5}}]}},"b":{"0":[5],"1":[5],"2":[55],"3":[30],"4":[25],"5":[25],"6":[65],"7":[54],"8":[33],"9":[21],"10":[14],"11":[17],"12":[85]},"fnMap":{"0":{"name":"solve","decl":{"start":{"line":1,"column":14},"end":{"line":64,"column":1}},"loc":{"start":{"line":1,"column":14},"end":{"line":64,"column":1}},"line":1},"1":{"name":"optimise","decl":{"start":{"line":4,"column":0},"end":{"line":6,"column":1}},"loc":{"start":{"line":4,"column":0},"end":{"line":6,"column":1}},"line":4},"2":{"name":"inversionCount","decl":{"start":{"line":8,"column":0},"end":{"line":20,"column":1}},"loc":{"start":{"line":8,"column":0},"end":{"line":20,"column":1}},"line":8},"3":{"name":"inversionValueCount","decl":{"start":{"line":22,"column":0},"end":{"line":61,"column":1}},"loc":{"start":{"line":22,"column":0},"end":{"line":61,"column":1}},"line":22},"4":{"name":"bruteForce","decl":{"start":{"line":66,"column":0},"end":{"line":76,"column":1}},"loc":{"start":{"line":66,"column":0},"end":{"line":76,"column":1}},"line":66}},"f":{"0":5,"1":5,"2":55,"3":25,"4":0}}
,"/workspaces/DSA-Practice/src/0049-DSA:_Sorting_1:_Count_Sort_&_Merge_Sort/03-countSort/countSort.js": {"path":"/workspaces/DSA-Practice/src/0049-DSA:_Sorting_1:_Count_Sort_&_Merge_Sort/03-countSort/countSort.js","all":false,"statementMap":{"0":{"start":{"line":1,"column":0},"end":{"line":1,"column":31}},"1":{"start":{"line":2,"column":0},"end":{"line":2,"column":23}},"2":{"start":{"line":3,"column":0},"end":{"line":3,"column":1}},"3":{"start":{"line":4,"column":0},"end":{"line":4,"column":0}},"4":{"start":{"line":5,"column":0},"end":{"line":5,"column":22}},"5":{"start":{"line":6,"column":0},"end":{"line":6,"column":38}},"6":{"start":{"line":7,"column":0},"end":{"line":7,"column":24}},"7":{"start":{"line":8,"column":0},"end":{"line":8,"column":23}},"8":{"start":{"line":9,"column":0},"end":{"line":9,"column":16}},"9":{"start":{"line":10,"column":0},"end":{"line":10,"column":40}},"10":{"start":{"line":11,"column":0},"end":{"line":11,"column":44}},"11":{"start":{"line":12,"column":0},"end":{"line":12,"column":42}},"12":{"start":{"line":13,"column":0},"end":{"line":13,"column":5}},"13":{"start":{"line":14,"column":0},"end":{"line":14,"column":43}},"14":{"start":{"line":15,"column":0},"end":{"line":15,"column":41}},"15":{"start":{"line":16,"column":0},"end":{"line":16,"column":56}},"16":{"start":{"line":17,"column":0},"end":{"line":17,"column":4}},"17":{"start":{"line":18,"column":0},"end":{"line":18,"column":23}},"18":{"start":{"line":19,"column":0},"end":{"line":19,"column":17}},"19":{"start":{"line":20,"column":0},"end":{"line":20,"column":40}},"20":{"start":{"line":21,"column":0},"end":{"line":21,"column":42}},"21":{"start":{"line":22,"column":0},"end":{"line":22,"column":35}},"22":{"start":{"line":23,"column":0},"end":{"line":23,"column":5}},"23":{"start":{"line":24,"column":0},"end":{"line":24,"column":55}},"24":{"start":{"line":25,"column":0},"end":{"line":25,"column":0}},"25":{"start":{"line":26,"column":0},"end":{"line":26,"column":17}},"26":{"start":{"line":27,"column":0},"end":{"line":27,"column":33}},"27":{"start":{"line":28,"column":0},"end":{"line":28,"column":37}},"28":{"start":{"line":29,"column":0},"end":{"line":29,"column":5}},"29":{"start":{"line":30,"column":0},"end":{"line":30,"column":0}},"30":{"start":{"line":31,"column":0},"end":{"line":31,"column":39}},"31":{"start":{"line":32,"column":0},"end":{"line":32,"column":0}},"32":{"start":{"line":33,"column":0},"end":{"line":33,"column":24}},"33":{"start":{"line":34,"column":0},"end":{"line":34,"column":17}},"34":{"start":{"line":35,"column":0},"end":{"line":35,"column":38}},"35":{"start":{"line":36,"column":0},"end":{"line":36,"column":41}},"36":{"start":{"line":37,"column":0},"end":{"line":37,"column":53}},"37":{"start":{"line":38,"column":0},"end":{"line":38,"column":35}},"38":{"start":{"line":39,"column":0},"end":{"line":39,"column":31}},"39":{"start":{"line":40,"column":0},"end":{"line":40,"column":5}},"40":{"start":{"line":41,"column":0},"end":{"line":41,"column":0}},"41":{"start":{"line":42,"column":0},"end":{"line":42,"column":18}},"42":{"start":{"line":43,"column":0},"end":{"line":43,"column":0}},"43":{"start":{"line":44,"column":0},"end":{"line":44,"column":1}},"44":{"start":{"line":45,"column":0},"end":{"line":45,"column":0}},"45":{"start":{"line":46,"column":0},"end":{"line":46,"column":0}},"46":{"start":{"line":47,"column":0},"end":{"line":47,"column":38}}},"s":{"0":1,"1":3,"2":3,"3":1,"4":3,"5":3,"6":3,"7":3,"8":3,"9":3,"10":13,"11":13,"12":13,"13":3,"14":3,"15":3,"16":3,"17":3,"18":3,"19":3,"20":16,"21":16,"22":16,"23":3,"24":3,"25":3,"26":3,"27":10,"28":10,"29":3,"30":3,"31":3,"32":3,"33":3,"34":3,"35":16,"36":16,"37":16,"38":16,"39":16,"40":3,"41":3,"42":3,"43":3,"44":1,"45":1,"46":1},"branchMap":{"0":{"type":"branch","line":1,"loc":{"start":{"line":1,"column":17},"end":{"line":3,"column":1}},"locations":[{"start":{"line":1,"column":17},"end":{"line":3,"column":1}}]},"1":{"type":"branch","line":5,"loc":{"start":{"line":5,"column":0},"end":{"line":44,"column":1}},"locations":[{"start":{"line":5,"column":0},"end":{"line":44,"column":1}}]},"2":{"type":"branch","line":10,"loc":{"start":{"line":10,"column":39},"end":{"line":13,"column":5}},"locations":[{"start":{"line":10,"column":39},"end":{"line":13,"column":5}}]},"3":{"type":"branch","line":20,"loc":{"start":{"line":20,"column":39},"end":{"line":23,"column":5}},"locations":[{"start":{"line":20,"column":39},"end":{"line":23,"column":5}}]},"4":{"type":"branch","line":27,"loc":{"start":{"line":27,"column":32},"end":{"line":29,"column":5}},"locations":[{"start":{"line":27,"column":32},"end":{"line":29,"column":5}}]},"5":{"type":"branch","line":35,"loc":{"start":{"line":35,"column":37},"end":{"line":40,"column":5}},"locations":[{"start":{"line":35,"column":37},"end":{"line":40,"column":5}}]}},"b":{"0":[3],"1":[3],"2":[13],"3":[16],"4":[10],"5":[16]},"fnMap":{"0":{"name":"Object.<anonymous>.module.exports","decl":{"start":{"line":1,"column":17},"end":{"line":3,"column":1}},"loc":{"start":{"line":1,"column":17},"end":{"line":3,"column":1}},"line":1},"1":{"name":"solution","decl":{"start":{"line":5,"column":0},"end":{"line":44,"column":1}},"loc":{"start":{"line":5,"column":0},"end":{"line":44,"column":1}},"line":5}},"f":{"0":3,"1":3}}
,"/workspaces/DSA-Practice/src/0049-DSA:_Sorting_1:_Count_Sort_&_Merge_Sort/04-reversePair/reversePair.js": {"path":"/workspaces/DSA-Practice/src/0049-DSA:_Sorting_1:_Count_Sort_&_Merge_Sort/04-reversePair/reversePair.js","all":false,"statementMap":{"0":{"start":{"line":1,"column":0},"end":{"line":1,"column":0}},"1":{"start":{"line":2,"column":0},"end":{"line":2,"column":0}},"2":{"start":{"line":3,"column":0},"end":{"line":3,"column":31}},"3":{"start":{"line":4,"column":0},"end":{"line":4,"column":0}},"4":{"start":{"line":5,"column":0},"end":{"line":5,"column":0}},"5":{"start":{"line":6,"column":0},"end":{"line":6,"column":26}},"6":{"start":{"line":7,"column":0},"end":{"line":7,"column":50}},"7":{"start":{"line":8,"column":0},"end":{"line":8,"column":5}},"8":{"start":{"line":9,"column":0},"end":{"line":9,"column":0}},"9":{"start":{"line":10,"column":0},"end":{"line":10,"column":38}},"10":{"start":{"line":11,"column":0},"end":{"line":11,"column":38}},"11":{"start":{"line":12,"column":0},"end":{"line":12,"column":21}},"12":{"start":{"line":13,"column":0},"end":{"line":13,"column":9}},"13":{"start":{"line":14,"column":0},"end":{"line":14,"column":0}},"14":{"start":{"line":15,"column":0},"end":{"line":15,"column":40}},"15":{"start":{"line":16,"column":0},"end":{"line":16,"column":0}},"16":{"start":{"line":17,"column":0},"end":{"line":17,"column":40}},"17":{"start":{"line":18,"column":0},"end":{"line":18,"column":44}},"18":{"start":{"line":19,"column":0},"end":{"line":19,"column":48}},"19":{"start":{"line":20,"column":0},"end":{"line":20,"column":0}},"20":{"start":{"line":21,"column":0},"end":{"line":21,"column":27}},"21":{"start":{"line":22,"column":0},"end":{"line":22,"column":5}},"22":{"start":{"line":23,"column":0},"end":{"line":23,"column":0}},"23":{"start":{"line":24,"column":0},"end":{"line":24,"column":46}},"24":{"start":{"line":25,"column":0},"end":{"line":25,"column":22}},"25":{"start":{"line":26,"column":0},"end":{"line":26,"column":0}},"26":{"start":{"line":27,"column":0},"end":{"line":27,"column":18}},"27":{"start":{"line":28,"column":0},"end":{"line":28,"column":22}},"28":{"start":{"line":29,"column":0},"end":{"line":29,"column":30}},"29":{"start":{"line":30,"column":0},"end":{"line":30,"column":18}},"30":{"start":{"line":31,"column":0},"end":{"line":31,"column":0}},"31":{"start":{"line":32,"column":0},"end":{"line":32,"column":34}},"32":{"start":{"line":33,"column":0},"end":{"line":33,"column":36}},"33":{"start":{"line":34,"column":0},"end":{"line":34,"column":35}},"34":{"start":{"line":35,"column":0},"end":{"line":35,"column":20}},"35":{"start":{"line":36,"column":0},"end":{"line":36,"column":20}},"36":{"start":{"line":37,"column":0},"end":{"line":37,"column":20}},"37":{"start":{"line":38,"column":0},"end":{"line":38,"column":13}},"38":{"start":{"line":39,"column":0},"end":{"line":39,"column":9}},"39":{"start":{"line":40,"column":0},"end":{"line":40,"column":14}},"40":{"start":{"line":41,"column":0},"end":{"line":41,"column":18}},"41":{"start":{"line":42,"column":0},"end":{"line":42,"column":34}},"42":{"start":{"line":43,"column":0},"end":{"line":43,"column":30}},"43":{"start":{"line":44,"column":0},"end":{"line":44,"column":31}},"44":{"start":{"line":45,"column":0},"end":{"line":45,"column":20}},"45":{"start":{"line":46,"column":0},"end":{"line":46,"column":20}},"46":{"start":{"line":47,"column":0},"end":{"line":47,"column":20}},"47":{"start":{"line":48,"column":0},"end":{"line":48,"column":31}},"48":{"start":{"line":49,"column":0},"end":{"line":49,"column":20}},"49":{"start":{"line":50,"column":0},"end":{"line":50,"column":20}},"50":{"start":{"line":51,"column":0},"end":{"line":51,"column":13}},"51":{"start":{"line":52,"column":0},"end":{"line":52,"column":9}},"52":{"start":{"line":53,"column":0},"end":{"line":53,"column":0}},"53":{"start":{"line":54,"column":0},"end":{"line":54,"column":24}},"54":{"start":{"line":55,"column":0},"end":{"line":55,"column":27}},"55":{"start":{"line":56,"column":0},"end":{"line":56,"column":16}},"56":{"start":{"line":57,"column":0},"end":{"line":57,"column":16}},"57":{"start":{"line":58,"column":0},"end":{"line":58,"column":9}},"58":{"start":{"line":59,"column":0},"end":{"line":59,"column":0}},"59":{"start":{"line":60,"column":0},"end":{"line":60,"column":24}},"60":{"start":{"line":61,"column":0},"end":{"line":61,"column":27}},"61":{"start":{"line":62,"column":0},"end":{"line":62,"column":16}},"62":{"start":{"line":63,"column":0},"end":{"line":63,"column":16}},"63":{"start":{"line":64,"column":0},"end":{"line":64,"column":9}},"64":{"start":{"line":65,"column":0},"end":{"line":65,"column":0}},"65":{"start":{"line":66,"column":0},"end":{"line":66,"column":20}},"66":{"start":{"line":67,"column":0},"end":{"line":67,"column":38}},"67":{"start":{"line":68,"column":0},"end":{"line":68,"column":31}},"68":{"start":{"line":69,"column":0},"end":{"line":69,"column":9}},"69":{"start":{"line":70,"column":0},"end":{"line":70,"column":0}},"70":{"start":{"line":71,"column":0},"end":{"line":71,"column":21}},"71":{"start":{"line":72,"column":0},"end":{"line":72,"column":5}},"72":{"start":{"line":73,"column":0},"end":{"line":73,"column":0}},"73":{"start":{"line":74,"column":0},"end":{"line":74,"column":23}},"74":{"start":{"line":75,"column":0},"end":{"line":75,"column":1}}},"s":{"0":1,"1":1,"2":1,"3":10,"4":10,"5":10,"6":10,"7":10,"8":10,"9":10,"10":64,"11":37,"12":37,"13":27,"14":27,"15":27,"16":27,"17":27,"18":27,"19":27,"20":27,"21":27,"22":10,"23":10,"24":27,"25":27,"26":27,"27":27,"28":27,"29":27,"30":27,"31":27,"32":46,"33":11,"34":11,"35":46,"36":35,"37":35,"38":46,"39":27,"40":27,"41":27,"42":43,"43":16,"44":16,"45":16,"46":43,"47":27,"48":27,"49":27,"50":27,"51":43,"52":27,"53":27,"54":18,"55":18,"56":18,"57":18,"58":27,"59":27,"60":17,"61":17,"62":17,"63":17,"64":27,"65":27,"66":27,"67":78,"68":78,"69":27,"70":27,"71":27,"72":10,"73":10,"74":10},"branchMap":{"0":{"type":"branch","line":3,"loc":{"start":{"line":3,"column":17},"end":{"line":75,"column":1}},"locations":[{"start":{"line":3,"column":17},"end":{"line":75,"column":1}}]},"1":{"type":"branch","line":6,"loc":{"start":{"line":6,"column":4},"end":{"line":8,"column":5}},"locations":[{"start":{"line":6,"column":4},"end":{"line":8,"column":5}}]},"2":{"type":"branch","line":10,"loc":{"start":{"line":10,"column":4},"end":{"line":22,"column":5}},"locations":[{"start":{"line":10,"column":4},"end":{"line":22,"column":5}}]},"3":{"type":"branch","line":11,"loc":{"start":{"line":11,"column":18},"end":{"line":11,"column":35}},"locations":[{"start":{"line":11,"column":18},"end":{"line":11,"column":35}}]},"4":{"type":"branch","line":11,"loc":{"start":{"line":11,"column":37},"end":{"line":13,"column":9}},"locations":[{"start":{"line":11,"column":37},"end":{"line":13,"column":9}}]},"5":{"type":"branch","line":13,"loc":{"start":{"line":13,"column":8},"end":{"line":22,"column":5}},"locations":[{"start":{"line":13,"column":8},"end":{"line":22,"column":5}}]},"6":{"type":"branch","line":24,"loc":{"start":{"line":24,"column":4},"end":{"line":72,"column":5}},"locations":[{"start":{"line":24,"column":4},"end":{"line":72,"column":5}}]},"7":{"type":"branch","line":32,"loc":{"start":{"line":32,"column":21},"end":{"line":32,"column":31}},"locations":[{"start":{"line":32,"column":21},"end":{"line":32,"column":31}}]},"8":{"type":"branch","line":32,"loc":{"start":{"line":32,"column":33},"end":{"line":39,"column":9}},"locations":[{"start":{"line":32,"column":33},"end":{"line":39,"column":9}}]},"9":{"type":"branch","line":33,"loc":{"start":{"line":33,"column":35},"end":{"line":36,"column":13}},"locations":[{"start":{"line":33,"column":35},"end":{"line":36,"column":13}}]},"10":{"type":"branch","line":36,"loc":{"start":{"line":36,"column":13},"end":{"line":38,"column":13}},"locations":[{"start":{"line":36,"column":13},"end":{"line":38,"column":13}}]},"11":{"type":"branch","line":42,"loc":{"start":{"line":42,"column":21},"end":{"line":42,"column":31}},"locations":[{"start":{"line":42,"column":21},"end":{"line":42,"column":31}}]},"12":{"type":"branch","line":42,"loc":{"start":{"line":42,"column":33},"end":{"line":52,"column":9}},"locations":[{"start":{"line":42,"column":33},"end":{"line":52,"column":9}}]},"13":{"type":"branch","line":43,"loc":{"start":{"line":43,"column":29},"end":{"line":47,"column":13}},"locations":[{"start":{"line":43,"column":29},"end":{"line":47,"column":13}}]},"14":{"type":"branch","line":47,"loc":{"start":{"line":47,"column":13},"end":{"line":51,"column":13}},"locations":[{"start":{"line":47,"column":13},"end":{"line":51,"column":13}}]},"15":{"type":"branch","line":54,"loc":{"start":{"line":54,"column":23},"end":{"line":58,"column":9}},"locations":[{"start":{"line":54,"column":23},"end":{"line":58,"column":9}}]},"16":{"type":"branch","line":60,"loc":{"start":{"line":60,"column":23},"end":{"line":64,"column":9}},"locations":[{"start":{"line":60,"column":23},"end":{"line":64,"column":9}}]},"17":{"type":"branch","line":67,"loc":{"start":{"line":67,"column":37},"end":{"line":69,"column":9}},"locations":[{"start":{"line":67,"column":37},"end":{"line":69,"column":9}}]}},"b":{"0":[10],"1":[10],"2":[64],"3":[28],"4":[37],"5":[27],"6":[27],"7":[54],"8":[46],"9":[11],"10":[35],"11":[56],"12":[43],"13":[16],"14":[27],"15":[18],"16":[17],"17":[78]},"fnMap":{"0":{"name":"Object.<anonymous>.module.exports","decl":{"start":{"line":3,"column":17},"end":{"line":75,"column":1}},"loc":{"start":{"line":3,"column":17},"end":{"line":75,"column":1}},"line":3},"1":{"name":"optimise","decl":{"start":{"line":6,"column":4},"end":{"line":8,"column":5}},"loc":{"start":{"line":6,"column":4},"end":{"line":8,"column":5}},"line":6},"2":{"name":"inversionCount","decl":{"start":{"line":10,"column":4},"end":{"line":22,"column":5}},"loc":{"start":{"line":10,"column":4},"end":{"line":22,"column":5}},"line":10},"3":{"name":"inversionValueCount","decl":{"start":{"line":24,"column":4},"end":{"line":72,"column":5}},"loc":{"start":{"line":24,"column":4},"end":{"line":72,"column":5}},"line":24}},"f":{"0":10,"1":10,"2":64,"3":27}}
,"/workspaces/DSA-Practice/src/0050-DSA:_Sorting_2:_Quick_Sort_&_Comparator_Problem/01-factorsSort/factorsSort.js": {"path":"/workspaces/DSA-Practice/src/0050-DSA:_Sorting_2:_Quick_Sort_&_Comparator_Problem/01-factorsSort/factorsSort.js","all":false,"statementMap":{"0":{"start":{"line":1,"column":0},"end":{"line":1,"column":30}},"1":{"start":{"line":2,"column":0},"end":{"line":2,"column":23}},"2":{"start":{"line":3,"column":0},"end":{"line":3,"column":1}},"3":{"start":{"line":4,"column":0},"end":{"line":4,"column":0}},"4":{"start":{"line":5,"column":0},"end":{"line":5,"column":0}},"5":{"start":{"line":6,"column":0},"end":{"line":6,"column":21}},"6":{"start":{"line":7,"column":0},"end":{"line":7,"column":22}},"7":{"start":{"line":8,"column":0},"end":{"line":8,"column":54}},"8":{"start":{"line":9,"column":0},"end":{"line":9,"column":23}},"9":{"start":{"line":10,"column":0},"end":{"line":10,"column":16}},"10":{"start":{"line":11,"column":0},"end":{"line":11,"column":56}},"11":{"start":{"line":12,"column":0},"end":{"line":12,"column":9}},"12":{"start":{"line":13,"column":0},"end":{"line":13,"column":6}},"13":{"start":{"line":14,"column":0},"end":{"line":14,"column":13}},"14":{"start":{"line":15,"column":0},"end":{"line":15,"column":1}},"15":{"start":{"line":16,"column":0},"end":{"line":16,"column":0}},"16":{"start":{"line":17,"column":0},"end":{"line":17,"column":30}},"17":{"start":{"line":18,"column":0},"end":{"line":18,"column":39}},"18":{"start":{"line":19,"column":0},"end":{"line":19,"column":18}},"19":{"start":{"line":20,"column":0},"end":{"line":20,"column":18}},"20":{"start":{"line":21,"column":0},"end":{"line":21,"column":23}},"21":{"start":{"line":22,"column":0},"end":{"line":22,"column":27}},"22":{"start":{"line":23,"column":0},"end":{"line":23,"column":24}},"23":{"start":{"line":24,"column":0},"end":{"line":24,"column":28}},"24":{"start":{"line":25,"column":0},"end":{"line":25,"column":9}},"25":{"start":{"line":26,"column":0},"end":{"line":26,"column":12}},"26":{"start":{"line":27,"column":0},"end":{"line":27,"column":5}},"27":{"start":{"line":28,"column":0},"end":{"line":28,"column":17}},"28":{"start":{"line":29,"column":0},"end":{"line":29,"column":1}}},"s":{"0":1,"1":3,"2":3,"3":1,"4":1,"5":3,"6":3,"7":29,"8":11,"9":29,"10":18,"11":18,"12":3,"13":3,"14":3,"15":1,"16":94,"17":94,"18":94,"19":94,"20":367,"21":188,"22":22,"23":188,"24":188,"25":367,"26":367,"27":94,"28":94},"branchMap":{"0":{"type":"branch","line":1,"loc":{"start":{"line":1,"column":17},"end":{"line":3,"column":1}},"locations":[{"start":{"line":1,"column":17},"end":{"line":3,"column":1}}]},"1":{"type":"branch","line":6,"loc":{"start":{"line":6,"column":0},"end":{"line":15,"column":1}},"locations":[{"start":{"line":6,"column":0},"end":{"line":15,"column":1}}]},"2":{"type":"branch","line":7,"loc":{"start":{"line":7,"column":11},"end":{"line":13,"column":5}},"locations":[{"start":{"line":7,"column":11},"end":{"line":13,"column":5}}]},"3":{"type":"branch","line":8,"loc":{"start":{"line":8,"column":53},"end":{"line":10,"column":9}},"locations":[{"start":{"line":8,"column":53},"end":{"line":10,"column":9}}]},"4":{"type":"branch","line":10,"loc":{"start":{"line":10,"column":9},"end":{"line":12,"column":9}},"locations":[{"start":{"line":10,"column":9},"end":{"line":12,"column":9}}]},"5":{"type":"branch","line":17,"loc":{"start":{"line":17,"column":0},"end":{"line":29,"column":1}},"locations":[{"start":{"line":17,"column":0},"end":{"line":29,"column":1}}]},"6":{"type":"branch","line":20,"loc":{"start":{"line":20,"column":16},"end":{"line":27,"column":5}},"locations":[{"start":{"line":20,"column":16},"end":{"line":27,"column":5}}]},"7":{"type":"branch","line":21,"loc":{"start":{"line":21,"column":22},"end":{"line":25,"column":9}},"locations":[{"start":{"line":21,"column":22},"end":{"line":25,"column":9}}]},"8":{"type":"branch","line":22,"loc":{"start":{"line":22,"column":26},"end":{"line":24,"column":13}},"locations":[{"start":{"line":22,"column":26},"end":{"line":24,"column":13}}]},"9":{"type":"branch","line":24,"loc":{"start":{"line":24,"column":13},"end":{"line":24,"column":28}},"locations":[{"start":{"line":24,"column":13},"end":{"line":24,"column":28}}]}},"b":{"0":[3],"1":[3],"2":[29],"3":[11],"4":[18],"5":[94],"6":[367],"7":[188],"8":[22],"9":[166]},"fnMap":{"0":{"name":"Object.<anonymous>.module.exports","decl":{"start":{"line":1,"column":17},"end":{"line":3,"column":1}},"loc":{"start":{"line":1,"column":17},"end":{"line":3,"column":1}},"line":1},"1":{"name":"solution","decl":{"start":{"line":6,"column":0},"end":{"line":15,"column":1}},"loc":{"start":{"line":6,"column":0},"end":{"line":15,"column":1}},"line":6},"2":{"name":"getFactorsCount","decl":{"start":{"line":17,"column":0},"end":{"line":29,"column":1}},"loc":{"start":{"line":17,"column":0},"end":{"line":29,"column":1}},"line":17}},"f":{"0":3,"1":3,"2":94}}
,"/workspaces/DSA-Practice/src/0050-DSA:_Sorting_2:_Quick_Sort_&_Comparator_Problem/02-largestNumber/largestNumber.js": {"path":"/workspaces/DSA-Practice/src/0050-DSA:_Sorting_2:_Quick_Sort_&_Comparator_Problem/02-largestNumber/largestNumber.js","all":false,"statementMap":{"0":{"start":{"line":1,"column":0},"end":{"line":1,"column":30}},"1":{"start":{"line":2,"column":0},"end":{"line":2,"column":13}},"2":{"start":{"line":3,"column":0},"end":{"line":3,"column":1}},"3":{"start":{"line":4,"column":0},"end":{"line":4,"column":0}},"4":{"start":{"line":5,"column":0},"end":{"line":5,"column":7}}},"s":{"0":1,"1":3,"2":3,"3":1,"4":1},"branchMap":{"0":{"type":"branch","line":1,"loc":{"start":{"line":1,"column":17},"end":{"line":3,"column":1}},"locations":[{"start":{"line":1,"column":17},"end":{"line":3,"column":1}}]}},"b":{"0":[3]},"fnMap":{"0":{"name":"Object.<anonymous>.module.exports","decl":{"start":{"line":1,"column":17},"end":{"line":3,"column":1}},"loc":{"start":{"line":1,"column":17},"end":{"line":3,"column":1}},"line":1}},"f":{"0":3}}
,"/workspaces/DSA-Practice/src/0051-DSA:_Searching_1:_Binary_Search_On_Array/01-sortedInsertPosition/sortedInsertPosition.js": {"path":"/workspaces/DSA-Practice/src/0051-DSA:_Searching_1:_Binary_Search_On_Array/01-sortedInsertPosition/sortedInsertPosition.js","all":false,"statementMap":{"0":{"start":{"line":1,"column":0},"end":{"line":1,"column":33}},"1":{"start":{"line":2,"column":0},"end":{"line":2,"column":26}},"2":{"start":{"line":3,"column":0},"end":{"line":3,"column":1}},"3":{"start":{"line":4,"column":0},"end":{"line":4,"column":0}},"4":{"start":{"line":5,"column":0},"end":{"line":5,"column":24}},"5":{"start":{"line":6,"column":0},"end":{"line":6,"column":15}},"6":{"start":{"line":7,"column":0},"end":{"line":7,"column":23}},"7":{"start":{"line":8,"column":0},"end":{"line":8,"column":17}},"8":{"start":{"line":9,"column":0},"end":{"line":9,"column":0}},"9":{"start":{"line":10,"column":0},"end":{"line":10,"column":27}},"10":{"start":{"line":11,"column":0},"end":{"line":11,"column":47}},"11":{"start":{"line":12,"column":0},"end":{"line":12,"column":42}},"12":{"start":{"line":13,"column":0},"end":{"line":13,"column":0}},"13":{"start":{"line":14,"column":0},"end":{"line":14,"column":18}},"14":{"start":{"line":15,"column":0},"end":{"line":15,"column":47}},"15":{"start":{"line":16,"column":0},"end":{"line":16,"column":24}},"16":{"start":{"line":17,"column":0},"end":{"line":17,"column":23}},"17":{"start":{"line":18,"column":0},"end":{"line":18,"column":30}},"18":{"start":{"line":19,"column":0},"end":{"line":19,"column":23}},"19":{"start":{"line":20,"column":0},"end":{"line":20,"column":22}},"20":{"start":{"line":21,"column":0},"end":{"line":21,"column":16}},"21":{"start":{"line":22,"column":0},"end":{"line":22,"column":23}},"22":{"start":{"line":23,"column":0},"end":{"line":23,"column":9}},"23":{"start":{"line":24,"column":0},"end":{"line":24,"column":5}},"24":{"start":{"line":25,"column":0},"end":{"line":25,"column":0}},"25":{"start":{"line":26,"column":0},"end":{"line":26,"column":15}},"26":{"start":{"line":27,"column":0},"end":{"line":27,"column":1}}},"s":{"0":1,"1":2,"2":2,"3":1,"4":2,"5":2,"6":2,"7":2,"8":2,"9":2,"10":2,"11":2,"12":2,"13":2,"14":3,"15":3,"16":1,"17":3,"18":1,"19":1,"20":1,"21":1,"22":1,"23":3,"24":1,"25":1,"26":1},"branchMap":{"0":{"type":"branch","line":1,"loc":{"start":{"line":1,"column":17},"end":{"line":3,"column":1}},"locations":[{"start":{"line":1,"column":17},"end":{"line":3,"column":1}}]},"1":{"type":"branch","line":5,"loc":{"start":{"line":5,"column":0},"end":{"line":27,"column":1}},"locations":[{"start":{"line":5,"column":0},"end":{"line":27,"column":1}}]},"2":{"type":"branch","line":10,"loc":{"start":{"line":10,"column":18},"end":{"line":10,"column":27}},"locations":[{"start":{"line":10,"column":18},"end":{"line":10,"column":27}}]},"3":{"type":"branch","line":11,"loc":{"start":{"line":11,"column":27},"end":{"line":11,"column":47}},"locations":[{"start":{"line":11,"column":27},"end":{"line":11,"column":47}}]},"4":{"type":"branch","line":12,"loc":{"start":{"line":12,"column":26},"end":{"line":12,"column":42}},"locations":[{"start":{"line":12,"column":26},"end":{"line":12,"column":42}}]},"5":{"type":"branch","line":14,"loc":{"start":{"line":14,"column":17},"end":{"line":24,"column":5}},"locations":[{"start":{"line":14,"column":17},"end":{"line":24,"column":5}}]},"6":{"type":"branch","line":16,"loc":{"start":{"line":16,"column":23},"end":{"line":18,"column":9}},"locations":[{"start":{"line":16,"column":23},"end":{"line":18,"column":9}}]},"7":{"type":"branch","line":18,"loc":{"start":{"line":18,"column":9},"end":{"line":23,"column":9}},"locations":[{"start":{"line":18,"column":9},"end":{"line":23,"column":9}}]},"8":{"type":"branch","line":18,"loc":{"start":{"line":18,"column":29},"end":{"line":23,"column":9}},"locations":[{"start":{"line":18,"column":29},"end":{"line":23,"column":9}}]},"9":{"type":"branch","line":24,"loc":{"start":{"line":24,"column":4},"end":{"line":27,"column":1}},"locations":[{"start":{"line":24,"column":4},"end":{"line":27,"column":1}}]}},"b":{"0":[2],"1":[2],"2":[0],"3":[0],"4":[0],"5":[3],"6":[1],"7":[2],"8":[1],"9":[1]},"fnMap":{"0":{"name":"Object.<anonymous>.module.exports","decl":{"start":{"line":1,"column":17},"end":{"line":3,"column":1}},"loc":{"start":{"line":1,"column":17},"end":{"line":3,"column":1}},"line":1},"1":{"name":"solution","decl":{"start":{"line":5,"column":0},"end":{"line":27,"column":1}},"loc":{"start":{"line":5,"column":0},"end":{"line":27,"column":1}},"line":5}},"f":{"0":2,"1":2}}
,"/workspaces/DSA-Practice/src/0051-DSA:_Searching_1:_Binary_Search_On_Array/02-searchForRange/searchForRange.js": {"path":"/workspaces/DSA-Practice/src/0051-DSA:_Searching_1:_Binary_Search_On_Array/02-searchForRange/searchForRange.js","all":false,"statementMap":{"0":{"start":{"line":1,"column":0},"end":{"line":1,"column":34}},"1":{"start":{"line":2,"column":0},"end":{"line":2,"column":26}},"2":{"start":{"line":3,"column":0},"end":{"line":3,"column":31}},"3":{"start":{"line":4,"column":0},"end":{"line":4,"column":1}},"4":{"start":{"line":5,"column":0},"end":{"line":5,"column":0}},"5":{"start":{"line":6,"column":0},"end":{"line":6,"column":28}},"6":{"start":{"line":7,"column":0},"end":{"line":7,"column":31}},"7":{"start":{"line":8,"column":0},"end":{"line":8,"column":1}},"8":{"start":{"line":9,"column":0},"end":{"line":9,"column":0}},"9":{"start":{"line":10,"column":0},"end":{"line":10,"column":0}},"10":{"start":{"line":11,"column":0},"end":{"line":11,"column":18}},"11":{"start":{"line":12,"column":0},"end":{"line":12,"column":15}},"12":{"start":{"line":13,"column":0},"end":{"line":13,"column":21}},"13":{"start":{"line":14,"column":0},"end":{"line":14,"column":12}},"14":{"start":{"line":15,"column":0},"end":{"line":15,"column":7}},"15":{"start":{"line":16,"column":0},"end":{"line":16,"column":19}},"16":{"start":{"line":17,"column":0},"end":{"line":17,"column":24}},"17":{"start":{"line":18,"column":0},"end":{"line":18,"column":30}},"18":{"start":{"line":19,"column":0},"end":{"line":19,"column":32}},"19":{"start":{"line":20,"column":0},"end":{"line":20,"column":21}},"20":{"start":{"line":21,"column":0},"end":{"line":21,"column":2}},"21":{"start":{"line":22,"column":0},"end":{"line":22,"column":12}},"22":{"start":{"line":23,"column":0},"end":{"line":23,"column":1}},"23":{"start":{"line":24,"column":0},"end":{"line":24,"column":0}},"24":{"start":{"line":25,"column":0},"end":{"line":25,"column":0}},"25":{"start":{"line":26,"column":0},"end":{"line":26,"column":18}},"26":{"start":{"line":27,"column":0},"end":{"line":27,"column":15}},"27":{"start":{"line":28,"column":0},"end":{"line":28,"column":21}},"28":{"start":{"line":29,"column":0},"end":{"line":29,"column":12}},"29":{"start":{"line":30,"column":0},"end":{"line":30,"column":7}},"30":{"start":{"line":31,"column":0},"end":{"line":31,"column":19}},"31":{"start":{"line":32,"column":0},"end":{"line":32,"column":24}},"32":{"start":{"line":33,"column":0},"end":{"line":33,"column":30}},"33":{"start":{"line":34,"column":0},"end":{"line":34,"column":33}},"34":{"start":{"line":35,"column":0},"end":{"line":35,"column":21}},"35":{"start":{"line":36,"column":0},"end":{"line":36,"column":2}},"36":{"start":{"line":37,"column":0},"end":{"line":37,"column":12}},"37":{"start":{"line":38,"column":0},"end":{"line":38,"column":1}},"38":{"start":{"line":39,"column":0},"end":{"line":39,"column":0}},"39":{"start":{"line":40,"column":0},"end":{"line":40,"column":25}},"40":{"start":{"line":41,"column":0},"end":{"line":41,"column":27}},"41":{"start":{"line":42,"column":0},"end":{"line":42,"column":0}},"42":{"start":{"line":43,"column":0},"end":{"line":43,"column":17}},"43":{"start":{"line":44,"column":0},"end":{"line":44,"column":37}},"44":{"start":{"line":45,"column":0},"end":{"line":45,"column":29}},"45":{"start":{"line":46,"column":0},"end":{"line":46,"column":24}},"46":{"start":{"line":47,"column":0},"end":{"line":47,"column":49}},"47":{"start":{"line":48,"column":0},"end":{"line":48,"column":55}},"48":{"start":{"line":49,"column":0},"end":{"line":49,"column":55}},"49":{"start":{"line":50,"column":0},"end":{"line":50,"column":28}},"50":{"start":{"line":51,"column":0},"end":{"line":51,"column":5}},"51":{"start":{"line":52,"column":0},"end":{"line":52,"column":0}},"52":{"start":{"line":53,"column":0},"end":{"line":53,"column":15}},"53":{"start":{"line":54,"column":0},"end":{"line":54,"column":19}},"54":{"start":{"line":55,"column":0},"end":{"line":55,"column":38}},"55":{"start":{"line":56,"column":0},"end":{"line":56,"column":0}},"56":{"start":{"line":57,"column":0},"end":{"line":57,"column":30}},"57":{"start":{"line":58,"column":0},"end":{"line":58,"column":30}},"58":{"start":{"line":59,"column":0},"end":{"line":59,"column":0}},"59":{"start":{"line":60,"column":0},"end":{"line":60,"column":22}},"60":{"start":{"line":61,"column":0},"end":{"line":61,"column":51}},"61":{"start":{"line":62,"column":0},"end":{"line":62,"column":0}},"62":{"start":{"line":63,"column":0},"end":{"line":63,"column":26}},"63":{"start":{"line":64,"column":0},"end":{"line":64,"column":29}},"64":{"start":{"line":65,"column":0},"end":{"line":65,"column":49}},"65":{"start":{"line":66,"column":0},"end":{"line":66,"column":25}},"66":{"start":{"line":67,"column":0},"end":{"line":67,"column":17}},"67":{"start":{"line":68,"column":0},"end":{"line":68,"column":42}},"68":{"start":{"line":69,"column":0},"end":{"line":69,"column":34}},"69":{"start":{"line":70,"column":0},"end":{"line":70,"column":13}},"70":{"start":{"line":71,"column":0},"end":{"line":71,"column":0}},"71":{"start":{"line":72,"column":0},"end":{"line":72,"column":29}},"72":{"start":{"line":73,"column":0},"end":{"line":73,"column":49}},"73":{"start":{"line":74,"column":0},"end":{"line":74,"column":24}},"74":{"start":{"line":75,"column":0},"end":{"line":75,"column":17}},"75":{"start":{"line":76,"column":0},"end":{"line":76,"column":42}},"76":{"start":{"line":77,"column":0},"end":{"line":77,"column":34}},"77":{"start":{"line":78,"column":0},"end":{"line":78,"column":0}},"78":{"start":{"line":79,"column":0},"end":{"line":79,"column":13}},"79":{"start":{"line":80,"column":0},"end":{"line":80,"column":23}},"80":{"start":{"line":81,"column":0},"end":{"line":81,"column":32}},"81":{"start":{"line":82,"column":0},"end":{"line":82,"column":25}},"82":{"start":{"line":83,"column":0},"end":{"line":83,"column":16}},"83":{"start":{"line":84,"column":0},"end":{"line":84,"column":24}},"84":{"start":{"line":85,"column":0},"end":{"line":85,"column":9}},"85":{"start":{"line":86,"column":0},"end":{"line":86,"column":5}},"86":{"start":{"line":87,"column":0},"end":{"line":87,"column":0}},"87":{"start":{"line":88,"column":0},"end":{"line":88,"column":14}},"88":{"start":{"line":89,"column":0},"end":{"line":89,"column":1}}},"s":{"0":1,"1":3,"2":0,"3":0,"4":1,"5":0,"6":0,"7":0,"8":1,"9":1,"10":0,"11":0,"12":0,"13":0,"14":0,"15":0,"16":0,"17":0,"18":0,"19":0,"20":0,"21":0,"22":0,"23":1,"24":1,"25":0,"26":0,"27":0,"28":0,"29":0,"30":0,"31":0,"32":0,"33":0,"34":0,"35":0,"36":0,"37":0,"38":1,"39":3,"40":3,"41":3,"42":3,"43":0,"44":0,"45":3,"46":0,"47":0,"48":0,"49":0,"50":0,"51":3,"52":3,"53":3,"54":3,"55":3,"56":3,"57":3,"58":3,"59":3,"60":7,"61":7,"62":7,"63":2,"64":2,"65":1,"66":1,"67":2,"68":1,"69":2,"70":2,"71":2,"72":1,"73":0,"74":0,"75":1,"76":0,"77":1,"78":1,"79":2,"80":7,"81":4,"82":5,"83":1,"84":1,"85":7,"86":1,"87":1,"88":1},"branchMap":{"0":{"type":"branch","line":1,"loc":{"start":{"line":1,"column":17},"end":{"line":4,"column":1}},"locations":[{"start":{"line":1,"column":17},"end":{"line":4,"column":1}}]},"1":{"type":"branch","line":2,"loc":{"start":{"line":2,"column":25},"end":{"line":4,"column":1}},"locations":[{"start":{"line":2,"column":25},"end":{"line":4,"column":1}}]},"2":{"type":"branch","line":40,"loc":{"start":{"line":40,"column":0},"end":{"line":89,"column":1}},"locations":[{"start":{"line":40,"column":0},"end":{"line":89,"column":1}}]},"3":{"type":"branch","line":43,"loc":{"start":{"line":43,"column":16},"end":{"line":46,"column":5}},"locations":[{"start":{"line":43,"column":16},"end":{"line":46,"column":5}}]},"4":{"type":"branch","line":46,"loc":{"start":{"line":46,"column":23},"end":{"line":51,"column":5}},"locations":[{"start":{"line":46,"column":23},"end":{"line":51,"column":5}}]},"5":{"type":"branch","line":57,"loc":{"start":{"line":57,"column":19},"end":{"line":57,"column":30}},"locations":[{"start":{"line":57,"column":19},"end":{"line":57,"column":30}}]},"6":{"type":"branch","line":58,"loc":{"start":{"line":58,"column":19},"end":{"line":58,"column":30}},"locations":[{"start":{"line":58,"column":19},"end":{"line":58,"column":30}}]},"7":{"type":"branch","line":60,"loc":{"start":{"line":60,"column":21},"end":{"line":86,"column":5}},"locations":[{"start":{"line":60,"column":21},"end":{"line":86,"column":5}}]},"8":{"type":"branch","line":63,"loc":{"start":{"line":63,"column":25},"end":{"line":81,"column":9}},"locations":[{"start":{"line":63,"column":25},"end":{"line":81,"column":9}}]},"9":{"type":"branch","line":65,"loc":{"start":{"line":65,"column":32},"end":{"line":65,"column":46}},"locations":[{"start":{"line":65,"column":32},"end":{"line":65,"column":46}}]},"10":{"type":"branch","line":65,"loc":{"start":{"line":65,"column":48},"end":{"line":67,"column":17}},"locations":[{"start":{"line":65,"column":48},"end":{"line":67,"column":17}}]},"11":{"type":"branch","line":68,"loc":{"start":{"line":68,"column":30},"end":{"line":69,"column":34}},"locations":[{"start":{"line":68,"column":30},"end":{"line":69,"column":34}}]},"12":{"type":"branch","line":72,"loc":{"start":{"line":72,"column":28},"end":{"line":79,"column":13}},"locations":[{"start":{"line":72,"column":28},"end":{"line":79,"column":13}}]},"13":{"type":"branch","line":73,"loc":{"start":{"line":73,"column":48},"end":{"line":75,"column":17}},"locations":[{"start":{"line":73,"column":48},"end":{"line":75,"column":17}}]},"14":{"type":"branch","line":77,"loc":{"start":{"line":77,"column":-1},"end":{"line":77,"column":34}},"locations":[{"start":{"line":77,"column":-1},"end":{"line":77,"column":34}}]},"15":{"type":"branch","line":81,"loc":{"start":{"line":81,"column":9},"end":{"line":85,"column":9}},"locations":[{"start":{"line":81,"column":9},"end":{"line":85,"column":9}}]},"16":{"type":"branch","line":81,"loc":{"start":{"line":81,"column":31},"end":{"line":83,"column":9}},"locations":[{"start":{"line":81,"column":31},"end":{"line":83,"column":9}}]},"17":{"type":"branch","line":83,"loc":{"start":{"line":83,"column":9},"end":{"line":85,"column":9}},"locations":[{"start":{"line":83,"column":9},"end":{"line":85,"column":9}}]},"18":{"type":"branch","line":86,"loc":{"start":{"line":86,"column":4},"end":{"line":89,"column":1}},"locations":[{"start":{"line":86,"column":4},"end":{"line":89,"column":1}}]}},"b":{"0":[3],"1":[0],"2":[3],"3":[0],"4":[0],"5":[0],"6":[1],"7":[7],"8":[2],"9":[3],"10":[1],"11":[1],"12":[1],"13":[0],"14":[0],"15":[5],"16":[4],"17":[1],"18":[1]},"fnMap":{"0":{"name":"Object.<anonymous>.module.exports","decl":{"start":{"line":1,"column":17},"end":{"line":4,"column":1}},"loc":{"start":{"line":1,"column":17},"end":{"line":4,"column":1}},"line":1},"1":{"name":"Optimisation","decl":{"start":{"line":6,"column":0},"end":{"line":8,"column":1}},"loc":{"start":{"line":6,"column":0},"end":{"line":8,"column":1}},"line":6},"2":{"name":"lb","decl":{"start":{"line":11,"column":0},"end":{"line":23,"column":1}},"loc":{"start":{"line":11,"column":0},"end":{"line":23,"column":1}},"line":11},"3":{"name":"ub","decl":{"start":{"line":26,"column":0},"end":{"line":38,"column":1}},"loc":{"start":{"line":26,"column":0},"end":{"line":38,"column":1}},"line":26},"4":{"name":"Solution","decl":{"start":{"line":40,"column":0},"end":{"line":89,"column":1}},"loc":{"start":{"line":40,"column":0},"end":{"line":89,"column":1}},"line":40}},"f":{"0":3,"1":0,"2":0,"3":0,"4":3}}
,"/workspaces/DSA-Practice/src/0051-DSA:_Searching_1:_Binary_Search_On_Array/03-findPeakElement/findPeakElement.js": {"path":"/workspaces/DSA-Practice/src/0051-DSA:_Searching_1:_Binary_Search_On_Array/03-findPeakElement/findPeakElement.js","all":false,"statementMap":{"0":{"start":{"line":1,"column":0},"end":{"line":1,"column":30}},"1":{"start":{"line":2,"column":0},"end":{"line":2,"column":23}},"2":{"start":{"line":3,"column":0},"end":{"line":3,"column":1}},"3":{"start":{"line":4,"column":0},"end":{"line":4,"column":0}},"4":{"start":{"line":5,"column":0},"end":{"line":5,"column":21}},"5":{"start":{"line":6,"column":0},"end":{"line":6,"column":23}},"6":{"start":{"line":7,"column":0},"end":{"line":7,"column":24}},"7":{"start":{"line":8,"column":0},"end":{"line":8,"column":13}},"8":{"start":{"line":9,"column":0},"end":{"line":9,"column":17}},"9":{"start":{"line":10,"column":0},"end":{"line":10,"column":0}},"10":{"start":{"line":11,"column":0},"end":{"line":11,"column":33}},"11":{"start":{"line":12,"column":0},"end":{"line":12,"column":40}},"12":{"start":{"line":13,"column":0},"end":{"line":13,"column":0}},"13":{"start":{"line":14,"column":0},"end":{"line":14,"column":20}},"14":{"start":{"line":15,"column":0},"end":{"line":15,"column":47}},"15":{"start":{"line":16,"column":0},"end":{"line":16,"column":0}},"16":{"start":{"line":17,"column":0},"end":{"line":17,"column":51}},"17":{"start":{"line":18,"column":0},"end":{"line":18,"column":26}},"18":{"start":{"line":19,"column":0},"end":{"line":19,"column":58}},"19":{"start":{"line":20,"column":0},"end":{"line":20,"column":23}},"20":{"start":{"line":21,"column":0},"end":{"line":21,"column":16}},"21":{"start":{"line":22,"column":0},"end":{"line":22,"column":22}},"22":{"start":{"line":23,"column":0},"end":{"line":23,"column":9}},"23":{"start":{"line":24,"column":0},"end":{"line":24,"column":5}},"24":{"start":{"line":25,"column":0},"end":{"line":25,"column":1}}},"s":{"0":1,"1":6,"2":6,"3":1,"4":6,"5":6,"6":6,"7":5,"8":5,"9":5,"10":6,"11":5,"12":2,"13":6,"14":6,"15":6,"16":6,"17":2,"18":6,"19":3,"20":4,"21":1,"22":1,"23":6,"24":6},"branchMap":{"0":{"type":"branch","line":1,"loc":{"start":{"line":1,"column":17},"end":{"line":3,"column":1}},"locations":[{"start":{"line":1,"column":17},"end":{"line":3,"column":1}}]},"1":{"type":"branch","line":5,"loc":{"start":{"line":5,"column":0},"end":{"line":25,"column":1}},"locations":[{"start":{"line":5,"column":0},"end":{"line":25,"column":1}}]},"2":{"type":"branch","line":7,"loc":{"start":{"line":7,"column":12},"end":{"line":7,"column":24}},"locations":[{"start":{"line":7,"column":12},"end":{"line":7,"column":24}}]},"3":{"type":"branch","line":7,"loc":{"start":{"line":7,"column":23},"end":{"line":11,"column":21}},"locations":[{"start":{"line":7,"column":23},"end":{"line":11,"column":21}}]},"4":{"type":"branch","line":11,"loc":{"start":{"line":11,"column":21},"end":{"line":11,"column":33}},"locations":[{"start":{"line":11,"column":21},"end":{"line":11,"column":33}}]},"5":{"type":"branch","line":12,"loc":{"start":{"line":12,"column":-1},"end":{"line":12,"column":40}},"locations":[{"start":{"line":12,"column":-1},"end":{"line":12,"column":40}}]},"6":{"type":"branch","line":12,"loc":{"start":{"line":12,"column":28},"end":{"line":12,"column":40}},"locations":[{"start":{"line":12,"column":28},"end":{"line":12,"column":40}}]},"7":{"type":"branch","line":12,"loc":{"start":{"line":12,"column":39},"end":{"line":14,"column":19}},"locations":[{"start":{"line":12,"column":39},"end":{"line":14,"column":19}}]},"8":{"type":"branch","line":17,"loc":{"start":{"line":17,"column":28},"end":{"line":17,"column":49}},"locations":[{"start":{"line":17,"column":28},"end":{"line":17,"column":49}}]},"9":{"type":"branch","line":17,"loc":{"start":{"line":17,"column":50},"end":{"line":19,"column":9}},"locations":[{"start":{"line":17,"column":50},"end":{"line":19,"column":9}}]},"10":{"type":"branch","line":19,"loc":{"start":{"line":19,"column":9},"end":{"line":23,"column":9}},"locations":[{"start":{"line":19,"column":9},"end":{"line":23,"column":9}}]},"11":{"type":"branch","line":19,"loc":{"start":{"line":19,"column":35},"end":{"line":19,"column":56}},"locations":[{"start":{"line":19,"column":35},"end":{"line":19,"column":56}}]},"12":{"type":"branch","line":19,"loc":{"start":{"line":19,"column":57},"end":{"line":21,"column":9}},"locations":[{"start":{"line":19,"column":57},"end":{"line":21,"column":9}}]},"13":{"type":"branch","line":21,"loc":{"start":{"line":21,"column":9},"end":{"line":23,"column":9}},"locations":[{"start":{"line":21,"column":9},"end":{"line":23,"column":9}}]}},"b":{"0":[6],"1":[6],"2":[1],"3":[5],"4":[0],"5":[5],"6":[3],"7":[2],"8":[5],"9":[2],"10":[4],"11":[3],"12":[3],"13":[1]},"fnMap":{"0":{"name":"Object.<anonymous>.module.exports","decl":{"start":{"line":1,"column":17},"end":{"line":3,"column":1}},"loc":{"start":{"line":1,"column":17},"end":{"line":3,"column":1}},"line":1},"1":{"name":"solution","decl":{"start":{"line":5,"column":0},"end":{"line":25,"column":1}},"loc":{"start":{"line":5,"column":0},"end":{"line":25,"column":1}},"line":5}},"f":{"0":6,"1":6}}
,"/workspaces/DSA-Practice/src/0051-DSA:_Searching_1:_Binary_Search_On_Array/04-singleElementInSortedArray/singleElementInSortedArray.js": {"path":"/workspaces/DSA-Practice/src/0051-DSA:_Searching_1:_Binary_Search_On_Array/04-singleElementInSortedArray/singleElementInSortedArray.js","all":false,"statementMap":{"0":{"start":{"line":1,"column":0},"end":{"line":1,"column":30}},"1":{"start":{"line":2,"column":0},"end":{"line":2,"column":23}},"2":{"start":{"line":3,"column":0},"end":{"line":3,"column":1}},"3":{"start":{"line":4,"column":0},"end":{"line":4,"column":0}},"4":{"start":{"line":5,"column":0},"end":{"line":5,"column":21}},"5":{"start":{"line":6,"column":0},"end":{"line":6,"column":15}},"6":{"start":{"line":7,"column":0},"end":{"line":7,"column":24}},"7":{"start":{"line":8,"column":0},"end":{"line":8,"column":0}},"8":{"start":{"line":9,"column":0},"end":{"line":9,"column":17}},"9":{"start":{"line":10,"column":0},"end":{"line":10,"column":34}},"10":{"start":{"line":11,"column":0},"end":{"line":11,"column":61}},"11":{"start":{"line":12,"column":0},"end":{"line":12,"column":0}},"12":{"start":{"line":13,"column":0},"end":{"line":13,"column":18}},"13":{"start":{"line":14,"column":0},"end":{"line":14,"column":47}},"14":{"start":{"line":15,"column":0},"end":{"line":15,"column":0}},"15":{"start":{"line":16,"column":0},"end":{"line":16,"column":53}},"16":{"start":{"line":17,"column":0},"end":{"line":17,"column":26}},"17":{"start":{"line":18,"column":0},"end":{"line":18,"column":18}},"18":{"start":{"line":19,"column":0},"end":{"line":19,"column":49}},"19":{"start":{"line":20,"column":0},"end":{"line":20,"column":46}},"20":{"start":{"line":21,"column":0},"end":{"line":21,"column":11}},"21":{"start":{"line":22,"column":0},"end":{"line":22,"column":22}},"22":{"start":{"line":23,"column":0},"end":{"line":23,"column":16}},"23":{"start":{"line":24,"column":0},"end":{"line":24,"column":23}},"24":{"start":{"line":25,"column":0},"end":{"line":25,"column":9}},"25":{"start":{"line":26,"column":0},"end":{"line":26,"column":5}},"26":{"start":{"line":27,"column":0},"end":{"line":27,"column":0}},"27":{"start":{"line":28,"column":0},"end":{"line":28,"column":14}},"28":{"start":{"line":29,"column":0},"end":{"line":29,"column":1}},"29":{"start":{"line":30,"column":0},"end":{"line":30,"column":0}},"30":{"start":{"line":31,"column":0},"end":{"line":31,"column":0}},"31":{"start":{"line":32,"column":0},"end":{"line":32,"column":15}},"32":{"start":{"line":33,"column":0},"end":{"line":33,"column":169}}},"s":{"0":1,"1":3,"2":3,"3":1,"4":3,"5":3,"6":3,"7":3,"8":3,"9":3,"10":3,"11":1,"12":3,"13":3,"14":3,"15":3,"16":1,"17":3,"18":2,"19":1,"20":2,"21":1,"22":1,"23":1,"24":1,"25":3,"26":0,"27":0,"28":0,"29":1,"30":1,"31":1,"32":1},"branchMap":{"0":{"type":"branch","line":1,"loc":{"start":{"line":1,"column":17},"end":{"line":3,"column":1}},"locations":[{"start":{"line":1,"column":17},"end":{"line":3,"column":1}}]},"1":{"type":"branch","line":5,"loc":{"start":{"line":5,"column":0},"end":{"line":29,"column":1}},"locations":[{"start":{"line":5,"column":0},"end":{"line":29,"column":1}}]},"2":{"type":"branch","line":10,"loc":{"start":{"line":10,"column":22},"end":{"line":10,"column":34}},"locations":[{"start":{"line":10,"column":22},"end":{"line":10,"column":34}}]},"3":{"type":"branch","line":10,"loc":{"start":{"line":10,"column":33},"end":{"line":11,"column":40}},"locations":[{"start":{"line":10,"column":33},"end":{"line":11,"column":40}}]},"4":{"type":"branch","line":11,"loc":{"start":{"line":11,"column":40},"end":{"line":13,"column":17}},"locations":[{"start":{"line":11,"column":40},"end":{"line":13,"column":17}}]},"5":{"type":"branch","line":16,"loc":{"start":{"line":16,"column":29},"end":{"line":16,"column":51}},"locations":[{"start":{"line":16,"column":29},"end":{"line":16,"column":51}}]},"6":{"type":"branch","line":16,"loc":{"start":{"line":16,"column":52},"end":{"line":18,"column":9}},"locations":[{"start":{"line":16,"column":52},"end":{"line":18,"column":9}}]},"7":{"type":"branch","line":18,"loc":{"start":{"line":18,"column":9},"end":{"line":25,"column":9}},"locations":[{"start":{"line":18,"column":9},"end":{"line":25,"column":9}}]},"8":{"type":"branch","line":19,"loc":{"start":{"line":19,"column":46},"end":{"line":20,"column":46}},"locations":[{"start":{"line":19,"column":46},"end":{"line":20,"column":46}}]},"9":{"type":"branch","line":20,"loc":{"start":{"line":20,"column":24},"end":{"line":20,"column":46}},"locations":[{"start":{"line":20,"column":24},"end":{"line":20,"column":46}}]},"10":{"type":"branch","line":21,"loc":{"start":{"line":21,"column":10},"end":{"line":25,"column":9}},"locations":[{"start":{"line":21,"column":10},"end":{"line":25,"column":9}}]},"11":{"type":"branch","line":26,"loc":{"start":{"line":26,"column":4},"end":{"line":29,"column":1}},"locations":[{"start":{"line":26,"column":4},"end":{"line":29,"column":1}}]}},"b":{"0":[3],"1":[3],"2":[1],"3":[2],"4":[1],"5":[2],"6":[1],"7":[2],"8":[1],"9":[0],"10":[1],"11":[0]},"fnMap":{"0":{"name":"Object.<anonymous>.module.exports","decl":{"start":{"line":1,"column":17},"end":{"line":3,"column":1}},"loc":{"start":{"line":1,"column":17},"end":{"line":3,"column":1}},"line":1},"1":{"name":"solution","decl":{"start":{"line":5,"column":0},"end":{"line":29,"column":1}},"loc":{"start":{"line":5,"column":0},"end":{"line":29,"column":1}},"line":5}},"f":{"0":3,"1":3}}
,"/workspaces/DSA-Practice/src/0051-DSA:_Searching_1:_Binary_Search_On_Array/05-matrixSearch/matrixSearch.js": {"path":"/workspaces/DSA-Practice/src/0051-DSA:_Searching_1:_Binary_Search_On_Array/05-matrixSearch/matrixSearch.js","all":false,"statementMap":{"0":{"start":{"line":1,"column":0},"end":{"line":1,"column":34}},"1":{"start":{"line":2,"column":0},"end":{"line":2,"column":26}},"2":{"start":{"line":3,"column":0},"end":{"line":3,"column":1}},"3":{"start":{"line":4,"column":0},"end":{"line":4,"column":0}},"4":{"start":{"line":5,"column":0},"end":{"line":5,"column":25}},"5":{"start":{"line":6,"column":0},"end":{"line":6,"column":23}},"6":{"start":{"line":7,"column":0},"end":{"line":7,"column":26}},"7":{"start":{"line":8,"column":0},"end":{"line":8,"column":0}},"8":{"start":{"line":9,"column":0},"end":{"line":9,"column":0}},"9":{"start":{"line":10,"column":0},"end":{"line":10,"column":54}},"10":{"start":{"line":11,"column":0},"end":{"line":11,"column":0}},"11":{"start":{"line":12,"column":0},"end":{"line":12,"column":15}},"12":{"start":{"line":13,"column":0},"end":{"line":13,"column":23}},"13":{"start":{"line":14,"column":0},"end":{"line":14,"column":0}},"14":{"start":{"line":15,"column":0},"end":{"line":15,"column":20}},"15":{"start":{"line":16,"column":0},"end":{"line":16,"column":41}},"16":{"start":{"line":17,"column":0},"end":{"line":17,"column":58}},"17":{"start":{"line":18,"column":0},"end":{"line":18,"column":21}},"18":{"start":{"line":19,"column":0},"end":{"line":19,"column":63}},"19":{"start":{"line":20,"column":0},"end":{"line":20,"column":23}},"20":{"start":{"line":21,"column":0},"end":{"line":21,"column":16}},"21":{"start":{"line":22,"column":0},"end":{"line":22,"column":23}},"22":{"start":{"line":23,"column":0},"end":{"line":23,"column":9}},"23":{"start":{"line":24,"column":0},"end":{"line":24,"column":5}},"24":{"start":{"line":25,"column":0},"end":{"line":25,"column":13}},"25":{"start":{"line":26,"column":0},"end":{"line":26,"column":1}}},"s":{"0":1,"1":3,"2":3,"3":1,"4":3,"5":3,"6":3,"7":3,"8":3,"9":3,"10":2,"11":2,"12":2,"13":2,"14":3,"15":5,"16":5,"17":1,"18":5,"19":4,"20":4,"21":0,"22":0,"23":5,"24":1,"25":1},"branchMap":{"0":{"type":"branch","line":1,"loc":{"start":{"line":1,"column":17},"end":{"line":3,"column":1}},"locations":[{"start":{"line":1,"column":17},"end":{"line":3,"column":1}}]},"1":{"type":"branch","line":5,"loc":{"start":{"line":5,"column":0},"end":{"line":26,"column":1}},"locations":[{"start":{"line":5,"column":0},"end":{"line":26,"column":1}}]},"2":{"type":"branch","line":10,"loc":{"start":{"line":10,"column":45},"end":{"line":10,"column":54}},"locations":[{"start":{"line":10,"column":45},"end":{"line":10,"column":54}}]},"3":{"type":"branch","line":10,"loc":{"start":{"line":10,"column":53},"end":{"line":15,"column":19}},"locations":[{"start":{"line":10,"column":53},"end":{"line":15,"column":19}}]},"4":{"type":"branch","line":15,"loc":{"start":{"line":15,"column":19},"end":{"line":24,"column":5}},"locations":[{"start":{"line":15,"column":19},"end":{"line":24,"column":5}}]},"5":{"type":"branch","line":17,"loc":{"start":{"line":17,"column":57},"end":{"line":19,"column":9}},"locations":[{"start":{"line":17,"column":57},"end":{"line":19,"column":9}}]},"6":{"type":"branch","line":19,"loc":{"start":{"line":19,"column":9},"end":{"line":23,"column":9}},"locations":[{"start":{"line":19,"column":9},"end":{"line":23,"column":9}}]},"7":{"type":"branch","line":21,"loc":{"start":{"line":21,"column":9},"end":{"line":23,"column":9}},"locations":[{"start":{"line":21,"column":9},"end":{"line":23,"column":9}}]},"8":{"type":"branch","line":24,"loc":{"start":{"line":24,"column":4},"end":{"line":26,"column":1}},"locations":[{"start":{"line":24,"column":4},"end":{"line":26,"column":1}}]}},"b":{"0":[3],"1":[3],"2":[1],"3":[2],"4":[5],"5":[1],"6":[4],"7":[0],"8":[1]},"fnMap":{"0":{"name":"Object.<anonymous>.module.exports","decl":{"start":{"line":1,"column":17},"end":{"line":3,"column":1}},"loc":{"start":{"line":1,"column":17},"end":{"line":3,"column":1}},"line":1},"1":{"name":"optimise","decl":{"start":{"line":5,"column":0},"end":{"line":26,"column":1}},"loc":{"start":{"line":5,"column":0},"end":{"line":26,"column":1}},"line":5}},"f":{"0":3,"1":3}}
}
