TN:
SF:src/0035-DSA:_Recursion_1/05-checkPalindrome/checkPalindrome.js
FN:3,Object.<anonymous>.module.exports
FN:9,optimisation
FN:18,isPalindrome_0
FN:25,isPalindrome
FN:40,bruteForce
FNF:5
FNH:3
FNDA:11,Object.<anonymous>.module.exports
FNDA:11,optimisation
FNDA:0,isPalindrome_0
FNDA:27,isPalindrome
FNDA:0,bruteForce
DA:1,1
DA:2,1
DA:3,1
DA:4,11
DA:5,11
DA:6,11
DA:7,1
DA:8,1
DA:9,11
DA:10,11
DA:11,9
DA:12,9
DA:13,9
DA:14,9
DA:15,9
DA:16,1
DA:17,1
DA:18,0
DA:19,0
DA:20,0
DA:21,0
DA:22,0
DA:23,1
DA:24,1
DA:25,27
DA:26,27
DA:27,27
DA:28,22
DA:29,22
DA:30,27
DA:31,18
DA:32,18
DA:33,18
DA:34,18
DA:35,1
DA:36,1
DA:37,1
DA:38,1
DA:39,1
DA:40,0
DA:41,0
DA:42,0
DA:43,0
DA:44,0
DA:45,0
DA:46,0
DA:47,0
DA:48,0
DA:49,0
DA:50,0
DA:51,0
DA:52,0
DA:53,0
DA:54,0
LF:54
LH:34
BRDA:3,0,0,11
BRDA:9,1,0,11
BRDA:10,2,0,2
BRDA:10,3,0,9
BRDA:25,4,0,27
BRDA:27,5,0,5
BRDA:27,6,0,22
BRDA:30,7,0,4
BRDA:30,8,0,18
BRF:9
BRH:9
end_of_record
TN:
SF:src/0045-DSA:_Hashing_2/02-countPairDifference/countPairDifference.js
FN:1,Object.<anonymous>.module.exports
FNF:1
FNH:1
FNDA:7,Object.<anonymous>.module.exports
DA:1,1
DA:2,7
DA:3,7
DA:4,7
DA:5,33
DA:6,33
DA:7,33
DA:8,7
DA:9,7
DA:10,33
DA:11,33
DA:12,33
DA:13,33
DA:14,33
DA:15,7
DA:16,7
LF:16
LH:16
BRDA:1,0,0,7
BRDA:4,1,0,33
BRDA:6,2,0,26
BRDA:9,3,0,33
BRDA:11,4,0,16
BRDA:12,5,0,5
BRDA:12,6,0,5
BRF:7
BRH:7
end_of_record
TN:
SF:src/0045-DSA:_Hashing_2/03-subArraySum/subArraySum.js
FN:1,Object.<anonymous>.module.exports
FN:5,bruteForce
FNF:2
FNH:2
FNDA:3,Object.<anonymous>.module.exports
FNDA:3,bruteForce
DA:1,1
DA:2,3
DA:3,3
DA:4,1
DA:5,3
DA:6,3
DA:7,3
DA:8,12
DA:9,31
DA:10,31
DA:11,65
DA:12,65
DA:13,31
DA:14,31
DA:15,12
DA:16,3
DA:17,3
DA:18,1
DA:19,1
LF:19
LH:19
BRDA:1,0,0,3
BRDA:5,1,0,3
BRDA:7,2,0,12
BRDA:8,3,0,31
BRDA:10,4,0,65
BRDA:13,5,0,13
BRF:6
BRH:6
end_of_record
TN:
SF:src/0049-DSA:_Sorting_1:_Count_Sort_&_Merge_Sort/01-mergeTwoSortedArrays/mergeTwoSortedArrays.js
FN:1,Object.<anonymous>.module.exports
FN:5,solution
FNF:2
FNH:2
FNDA:2,Object.<anonymous>.module.exports
FNDA:2,solution
DA:1,1
DA:2,2
DA:3,2
DA:4,1
DA:5,2
DA:6,2
DA:7,2
DA:8,2
DA:9,2
DA:10,5
DA:11,5
DA:12,5
DA:13,1
DA:14,5
DA:15,2
DA:16,2
DA:17,3
DA:18,3
DA:19,3
DA:20,2
DA:21,2
DA:22,0
DA:23,0
DA:24,0
DA:25,2
DA:26,2
DA:27,2
DA:28,2
LF:28
LH:25
BRDA:1,0,0,2
BRDA:5,1,0,2
BRDA:9,2,0,5
BRDA:9,3,0,5
BRDA:12,4,0,4
BRDA:13,5,0,1
BRDA:16,6,0,3
BRDA:21,7,0,0
BRF:8
BRH:7
end_of_record
TN:
SF:src/0049-DSA:_Sorting_1:_Count_Sort_&_Merge_Sort/02-inversionCountInAnArray/inversionCount.js
FN:1,solve
FN:4,optimise
FN:8,inversionCount
FN:22,inversionValueCount
FN:66,bruteForce
FNF:5
FNH:4
FNDA:5,solve
FNDA:5,optimise
FNDA:55,inversionCount
FNDA:25,inversionValueCount
FNDA:0,bruteForce
DA:1,1
DA:2,5
DA:3,5
DA:4,5
DA:5,5
DA:6,5
DA:7,5
DA:8,55
DA:9,55
DA:10,30
DA:11,30
DA:12,25
DA:13,25
DA:14,25
DA:15,25
DA:16,25
DA:17,25
DA:18,25
DA:19,25
DA:20,25
DA:21,5
DA:22,25
DA:23,25
DA:24,25
DA:25,25
DA:26,25
DA:27,25
DA:28,25
DA:29,25
DA:30,25
DA:31,54
DA:32,33
DA:33,33
DA:34,33
DA:35,54
DA:36,21
DA:37,21
DA:38,21
DA:39,21
DA:40,21
DA:41,54
DA:42,25
DA:43,25
DA:44,14
DA:45,14
DA:46,14
DA:47,14
DA:48,25
DA:49,25
DA:50,17
DA:51,17
DA:52,17
DA:53,17
DA:54,25
DA:55,25
DA:56,25
DA:57,85
DA:58,85
DA:59,25
DA:60,25
DA:61,25
DA:62,5
DA:63,5
DA:64,5
DA:65,1
DA:66,0
DA:67,0
DA:68,0
DA:69,0
DA:70,0
DA:71,0
DA:72,0
DA:73,0
DA:74,0
DA:75,0
DA:76,0
DA:77,1
DA:78,1
DA:79,1
LF:79
LH:68
BRDA:1,0,0,5
BRDA:4,1,0,5
BRDA:8,2,0,55
BRDA:9,3,0,30
BRDA:11,4,0,25
BRDA:22,5,0,25
BRDA:30,6,0,65
BRDA:30,7,0,54
BRDA:31,8,0,33
BRDA:35,9,0,21
BRDA:43,10,0,14
BRDA:49,11,0,17
BRDA:56,12,0,85
BRF:13
BRH:13
end_of_record
TN:
SF:src/0049-DSA:_Sorting_1:_Count_Sort_&_Merge_Sort/03-countSort/countSort.js
FN:1,Object.<anonymous>.module.exports
FN:5,solution
FNF:2
FNH:2
FNDA:3,Object.<anonymous>.module.exports
FNDA:3,solution
DA:1,1
DA:2,3
DA:3,3
DA:4,1
DA:5,3
DA:6,3
DA:7,3
DA:8,3
DA:9,3
DA:10,3
DA:11,13
DA:12,13
DA:13,13
DA:14,3
DA:15,3
DA:16,3
DA:17,3
DA:18,3
DA:19,3
DA:20,3
DA:21,16
DA:22,16
DA:23,16
DA:24,3
DA:25,3
DA:26,3
DA:27,3
DA:28,10
DA:29,10
DA:30,3
DA:31,3
DA:32,3
DA:33,3
DA:34,3
DA:35,3
DA:36,16
DA:37,16
DA:38,16
DA:39,16
DA:40,16
DA:41,3
DA:42,3
DA:43,3
DA:44,3
DA:45,1
DA:46,1
DA:47,1
LF:47
LH:47
BRDA:1,0,0,3
BRDA:5,1,0,3
BRDA:10,2,0,13
BRDA:20,3,0,16
BRDA:27,4,0,10
BRDA:35,5,0,16
BRF:6
BRH:6
end_of_record
TN:
SF:src/0049-DSA:_Sorting_1:_Count_Sort_&_Merge_Sort/04-reversePair/reversePair.js
FN:3,Object.<anonymous>.module.exports
FN:6,optimise
FN:10,inversionCount
FN:24,inversionValueCount
FNF:4
FNH:4
FNDA:10,Object.<anonymous>.module.exports
FNDA:10,optimise
FNDA:64,inversionCount
FNDA:27,inversionValueCount
DA:1,1
DA:2,1
DA:3,1
DA:4,10
DA:5,10
DA:6,10
DA:7,10
DA:8,10
DA:9,10
DA:10,10
DA:11,64
DA:12,37
DA:13,37
DA:14,27
DA:15,27
DA:16,27
DA:17,27
DA:18,27
DA:19,27
DA:20,27
DA:21,27
DA:22,27
DA:23,10
DA:24,10
DA:25,27
DA:26,27
DA:27,27
DA:28,27
DA:29,27
DA:30,27
DA:31,27
DA:32,27
DA:33,46
DA:34,11
DA:35,11
DA:36,46
DA:37,35
DA:38,35
DA:39,46
DA:40,27
DA:41,27
DA:42,27
DA:43,43
DA:44,16
DA:45,16
DA:46,16
DA:47,43
DA:48,27
DA:49,27
DA:50,27
DA:51,27
DA:52,43
DA:53,27
DA:54,27
DA:55,18
DA:56,18
DA:57,18
DA:58,18
DA:59,27
DA:60,27
DA:61,17
DA:62,17
DA:63,17
DA:64,17
DA:65,27
DA:66,27
DA:67,27
DA:68,78
DA:69,78
DA:70,27
DA:71,27
DA:72,27
DA:73,10
DA:74,10
DA:75,10
LF:75
LH:75
BRDA:3,0,0,10
BRDA:6,1,0,10
BRDA:10,2,0,64
BRDA:11,3,0,28
BRDA:11,4,0,37
BRDA:13,5,0,27
BRDA:24,6,0,27
BRDA:32,7,0,54
BRDA:32,8,0,46
BRDA:33,9,0,11
BRDA:36,10,0,35
BRDA:42,11,0,56
BRDA:42,12,0,43
BRDA:43,13,0,16
BRDA:47,14,0,27
BRDA:54,15,0,18
BRDA:60,16,0,17
BRDA:67,17,0,78
BRF:18
BRH:18
end_of_record
TN:
SF:src/0050-DSA:_Sorting_2:_Quick_Sort_&_Comparator_Problem/01-factorsSort/factorsSort.js
FN:1,Object.<anonymous>.module.exports
FN:6,solution
FN:17,getFactorsCount
FNF:3
FNH:3
FNDA:3,Object.<anonymous>.module.exports
FNDA:3,solution
FNDA:94,getFactorsCount
DA:1,1
DA:2,3
DA:3,3
DA:4,1
DA:5,1
DA:6,3
DA:7,3
DA:8,29
DA:9,11
DA:10,29
DA:11,18
DA:12,18
DA:13,3
DA:14,3
DA:15,3
DA:16,1
DA:17,94
DA:18,94
DA:19,94
DA:20,94
DA:21,367
DA:22,188
DA:23,22
DA:24,188
DA:25,188
DA:26,367
DA:27,367
DA:28,94
DA:29,94
LF:29
LH:29
BRDA:1,0,0,3
BRDA:6,1,0,3
BRDA:7,2,0,29
BRDA:8,3,0,11
BRDA:10,4,0,18
BRDA:17,5,0,94
BRDA:20,6,0,367
BRDA:21,7,0,188
BRDA:22,8,0,22
BRDA:24,9,0,166
BRF:10
BRH:10
end_of_record
TN:
SF:src/0050-DSA:_Sorting_2:_Quick_Sort_&_Comparator_Problem/02-largestNumber/largestNumber.js
FN:1,Object.<anonymous>.module.exports
FNF:1
FNH:1
FNDA:3,Object.<anonymous>.module.exports
DA:1,1
DA:2,3
DA:3,3
DA:4,1
DA:5,1
LF:5
LH:5
BRDA:1,0,0,3
BRF:1
BRH:1
end_of_record
TN:
SF:src/0051-DSA:_Searching_1:_Binary_Search_On_Array/01-sortedInsertPosition/sortedInsertPosition.js
FN:1,Object.<anonymous>.module.exports
FN:5,solution
FNF:2
FNH:2
FNDA:2,Object.<anonymous>.module.exports
FNDA:2,solution
DA:1,1
DA:2,2
DA:3,2
DA:4,1
DA:5,2
DA:6,2
DA:7,2
DA:8,2
DA:9,2
DA:10,2
DA:11,2
DA:12,2
DA:13,2
DA:14,2
DA:15,3
DA:16,3
DA:17,1
DA:18,3
DA:19,1
DA:20,1
DA:21,1
DA:22,1
DA:23,1
DA:24,3
DA:25,1
DA:26,1
DA:27,1
LF:27
LH:27
BRDA:1,0,0,2
BRDA:5,1,0,2
BRDA:10,2,0,0
BRDA:11,3,0,0
BRDA:12,4,0,0
BRDA:14,5,0,3
BRDA:16,6,0,1
BRDA:18,7,0,2
BRDA:18,8,0,1
BRDA:24,9,0,1
BRF:10
BRH:7
end_of_record
TN:
SF:src/0051-DSA:_Searching_1:_Binary_Search_On_Array/02-searchForRange/searchForRange.js
FN:1,Object.<anonymous>.module.exports
FN:6,Optimisation
FN:11,lb
FN:26,ub
FN:40,Solution
FNF:5
FNH:2
FNDA:3,Object.<anonymous>.module.exports
FNDA:0,Optimisation
FNDA:0,lb
FNDA:0,ub
FNDA:3,Solution
DA:1,1
DA:2,3
DA:3,0
DA:4,0
DA:5,1
DA:6,0
DA:7,0
DA:8,0
DA:9,1
DA:10,1
DA:11,0
DA:12,0
DA:13,0
DA:14,0
DA:15,0
DA:16,0
DA:17,0
DA:18,0
DA:19,0
DA:20,0
DA:21,0
DA:22,0
DA:23,0
DA:24,1
DA:25,1
DA:26,0
DA:27,0
DA:28,0
DA:29,0
DA:30,0
DA:31,0
DA:32,0
DA:33,0
DA:34,0
DA:35,0
DA:36,0
DA:37,0
DA:38,0
DA:39,1
DA:40,3
DA:41,3
DA:42,3
DA:43,3
DA:44,0
DA:45,0
DA:46,3
DA:47,0
DA:48,0
DA:49,0
DA:50,0
DA:51,0
DA:52,3
DA:53,3
DA:54,3
DA:55,3
DA:56,3
DA:57,3
DA:58,3
DA:59,3
DA:60,3
DA:61,7
DA:62,7
DA:63,7
DA:64,2
DA:65,2
DA:66,1
DA:67,1
DA:68,2
DA:69,1
DA:70,2
DA:71,2
DA:72,2
DA:73,1
DA:74,0
DA:75,0
DA:76,1
DA:77,0
DA:78,1
DA:79,1
DA:80,2
DA:81,7
DA:82,4
DA:83,5
DA:84,1
DA:85,1
DA:86,7
DA:87,1
DA:88,1
DA:89,1
LF:89
LH:48
BRDA:1,0,0,3
BRDA:2,1,0,0
BRDA:40,2,0,3
BRDA:43,3,0,0
BRDA:46,4,0,0
BRDA:57,5,0,0
BRDA:58,6,0,1
BRDA:60,7,0,7
BRDA:63,8,0,2
BRDA:65,9,0,3
BRDA:65,10,0,1
BRDA:68,11,0,1
BRDA:72,12,0,1
BRDA:73,13,0,0
BRDA:77,14,0,0
BRDA:81,15,0,5
BRDA:81,16,0,4
BRDA:83,17,0,1
BRDA:86,18,0,1
BRF:19
BRH:13
end_of_record
TN:
SF:src/0051-DSA:_Searching_1:_Binary_Search_On_Array/03-findPeakElement/findPeakElement.js
FN:1,Object.<anonymous>.module.exports
FN:5,solution
FNF:2
FNH:2
FNDA:6,Object.<anonymous>.module.exports
FNDA:6,solution
DA:1,1
DA:2,6
DA:3,6
DA:4,1
DA:5,6
DA:6,6
DA:7,6
DA:8,5
DA:9,5
DA:10,5
DA:11,6
DA:12,5
DA:13,2
DA:14,6
DA:15,6
DA:16,6
DA:17,6
DA:18,2
DA:19,6
DA:20,3
DA:21,4
DA:22,1
DA:23,1
DA:24,6
DA:25,6
LF:25
LH:25
BRDA:1,0,0,6
BRDA:5,1,0,6
BRDA:7,2,0,1
BRDA:7,3,0,5
BRDA:11,4,0,0
BRDA:12,5,0,5
BRDA:12,6,0,3
BRDA:12,7,0,2
BRDA:17,8,0,5
BRDA:17,9,0,2
BRDA:19,10,0,4
BRDA:19,11,0,3
BRDA:19,12,0,3
BRDA:21,13,0,1
BRF:14
BRH:13
end_of_record
TN:
SF:src/0051-DSA:_Searching_1:_Binary_Search_On_Array/04-singleElementInSortedArray/singleElementInSortedArray.js
FN:1,Object.<anonymous>.module.exports
FN:5,solution
FNF:2
FNH:2
FNDA:3,Object.<anonymous>.module.exports
FNDA:3,solution
DA:1,1
DA:2,3
DA:3,3
DA:4,1
DA:5,3
DA:6,3
DA:7,3
DA:8,3
DA:9,3
DA:10,3
DA:11,3
DA:12,1
DA:13,3
DA:14,3
DA:15,3
DA:16,3
DA:17,1
DA:18,3
DA:19,2
DA:20,1
DA:21,2
DA:22,1
DA:23,1
DA:24,1
DA:25,1
DA:26,3
DA:27,0
DA:28,0
DA:29,0
DA:30,1
DA:31,1
DA:32,1
DA:33,1
LF:33
LH:30
BRDA:1,0,0,3
BRDA:5,1,0,3
BRDA:10,2,0,1
BRDA:10,3,0,2
BRDA:11,4,0,1
BRDA:16,5,0,2
BRDA:16,6,0,1
BRDA:18,7,0,2
BRDA:19,8,0,1
BRDA:20,9,0,0
BRDA:21,10,0,1
BRDA:26,11,0,0
BRF:12
BRH:10
end_of_record
TN:
SF:src/0051-DSA:_Searching_1:_Binary_Search_On_Array/05-matrixSearch/matrixSearch.js
FN:1,Object.<anonymous>.module.exports
FN:5,optimise
FNF:2
FNH:2
FNDA:3,Object.<anonymous>.module.exports
FNDA:3,optimise
DA:1,1
DA:2,3
DA:3,3
DA:4,1
DA:5,3
DA:6,3
DA:7,3
DA:8,3
DA:9,3
DA:10,3
DA:11,2
DA:12,2
DA:13,2
DA:14,2
DA:15,3
DA:16,5
DA:17,5
DA:18,1
DA:19,5
DA:20,4
DA:21,4
DA:22,0
DA:23,0
DA:24,5
DA:25,1
DA:26,1
LF:26
LH:24
BRDA:1,0,0,3
BRDA:5,1,0,3
BRDA:10,2,0,1
BRDA:10,3,0,2
BRDA:15,4,0,5
BRDA:17,5,0,1
BRDA:19,6,0,4
BRDA:21,7,0,0
BRDA:24,8,0,1
BRF:9
BRH:8
end_of_record
TN:
SF:src/0052-DSA:_Searching_2:_Binary_Search_Problem/01-rotatedSortedArraySearch/rotatedSortedArraySearch.js
FN:1,Object.<anonymous>.module.exports
FN:5,optimise
FN:27,targetInP1
FN:39,targetInP2
FNF:4
FNH:3
FNDA:3,Object.<anonymous>.module.exports
FNDA:3,optimise
FNDA:0,targetInP1
FNDA:8,targetInP2
DA:1,1
DA:2,3
DA:3,3
DA:4,1
DA:5,3
DA:6,3
DA:7,3
DA:8,3
DA:9,3
DA:10,3
DA:11,2
DA:12,3
DA:13,9
DA:14,9
DA:15,9
DA:16,8
DA:17,8
DA:18,9
DA:19,8
DA:20,8
DA:21,9
DA:22,1
DA:23,1
DA:24,1
DA:25,1
DA:26,1
DA:27,0
DA:28,0
DA:29,0
DA:30,0
DA:31,0
DA:32,0
DA:33,0
DA:34,0
DA:35,0
DA:36,0
DA:37,0
DA:38,1
DA:39,8
DA:40,8
DA:41,8
DA:42,3
DA:43,3
DA:44,8
DA:45,5
DA:46,2
DA:47,5
DA:48,8
DA:49,8
LF:49
LH:38
BRDA:1,0,0,3
BRDA:5,1,0,3
BRDA:9,2,0,1
BRDA:9,3,0,2
BRDA:10,4,0,0
BRDA:10,5,0,2
BRDA:12,6,0,9
BRDA:15,7,0,1
BRDA:15,8,0,8
BRDA:18,9,0,0
BRDA:18,10,0,8
BRDA:21,11,0,1
BRDA:39,12,0,8
BRDA:41,13,0,3
BRDA:44,14,0,5
BRDA:45,15,0,3
BRDA:46,16,0,2
BRF:17
BRH:15
end_of_record
TN:
SF:src/0052-DSA:_Searching_2:_Binary_Search_Problem/02-medianOfArray/medianOfArray.js
FN:1,Object.<anonymous>.module.exports
FN:6,optimisation
FN:14,solve
FNF:3
FNH:3
FNDA:4,Object.<anonymous>.module.exports
FNDA:4,optimisation
FNDA:4,solve
DA:1,1
DA:2,4
DA:3,4
DA:4,1
DA:5,1
DA:6,1
DA:7,4
DA:8,2
DA:9,2
DA:10,2
DA:11,2
DA:12,4
DA:13,1
DA:14,1
DA:15,4
DA:16,4
DA:17,4
DA:18,4
DA:19,4
DA:20,4
DA:21,4
DA:22,4
DA:23,4
DA:24,4
DA:25,5
DA:26,5
DA:27,5
DA:28,5
DA:29,5
DA:30,5
DA:31,5
DA:32,5
DA:33,5
DA:34,4
DA:35,3
DA:36,4
DA:37,1
DA:38,1
DA:39,1
DA:40,1
DA:41,1
DA:42,5
DA:43,0
DA:44,1
DA:45,1
DA:46,1
DA:47,5
DA:48,0
DA:49,0
LF:49
LH:46
BRDA:1,0,0,4
BRDA:6,1,0,4
BRDA:7,2,0,2
BRDA:14,3,0,4
BRDA:24,4,0,5
BRDA:30,5,0,4
BRDA:30,6,0,1
BRDA:30,7,0,0
BRDA:31,8,0,3
BRDA:31,9,0,2
BRDA:31,10,0,3
BRDA:31,11,0,2
BRDA:33,12,0,4
BRDA:34,13,0,3
BRDA:36,14,0,1
BRDA:42,15,0,1
BRDA:42,16,0,0
BRDA:47,17,0,0
BRF:18
BRH:15
end_of_record
TN:
SF:src/0052-DSA:_Searching_2:_Binary_Search_Problem/03-squareRootInteger/squareRootInteger.js
FN:1,Object.<anonymous>.module.exports
FN:5,optimise
FNF:2
FNH:2
FNDA:2,Object.<anonymous>.module.exports
FNDA:2,optimise
DA:1,1
DA:2,2
DA:3,2
DA:4,1
DA:5,2
DA:6,2
DA:7,2
DA:8,2
DA:9,2
DA:10,2
DA:11,2
DA:12,2
DA:13,7
DA:14,7
DA:15,7
DA:16,6
DA:17,3
DA:18,3
DA:19,3
DA:20,7
DA:21,1
DA:22,1
LF:22
LH:22
BRDA:1,0,0,2
BRDA:5,1,0,2
BRDA:6,2,0,0
BRDA:12,3,0,7
BRDA:15,4,0,1
BRDA:16,5,0,6
BRDA:16,6,0,3
BRDA:20,7,0,1
BRF:8
BRH:7
end_of_record
TN:
SF:src/0053-DSA:_Searching_3:_Binary_Search_On_Answers/01-aggressiveCows/aggressiveCows.js
FN:1,Object.<anonymous>.module.exports
FNF:1
FNH:1
FNDA:2,Object.<anonymous>.module.exports
DA:1,1
DA:2,2
DA:3,2
LF:3
LH:3
BRDA:1,0,0,2
BRF:1
BRH:1
end_of_record
TN:
SF:src/0053-DSA:_Searching_3:_Binary_Search_On_Answers/02-painterPartition/painterPartition.js
FN:1,Object.<anonymous>.module.exports
FN:5,optimisation
FN:24,isPossible
FNF:3
FNH:3
FNDA:2,Object.<anonymous>.module.exports
FNDA:2,optimisation
FNDA:5,isPossible
DA:1,1
DA:2,2
DA:3,2
DA:4,1
DA:5,2
DA:6,2
DA:7,2
DA:8,2
DA:9,2
DA:10,5
DA:11,5
DA:12,5
DA:13,5
DA:14,5
DA:15,5
DA:16,5
DA:17,0
DA:18,0
DA:19,5
DA:20,2
DA:21,2
DA:22,1
DA:23,1
DA:24,5
DA:25,5
DA:26,5
DA:27,5
DA:28,5
DA:29,16
DA:30,16
DA:31,16
DA:32,9
DA:33,16
DA:34,7
DA:35,7
DA:36,7
DA:37,16
DA:38,16
DA:39,5
DA:40,5
LF:40
LH:38
BRDA:1,0,0,2
BRDA:5,1,0,2
BRDA:9,2,0,5
BRDA:16,3,0,0
BRDA:7,4,0,6
BRDA:24,5,0,5
BRDA:28,6,0,16
BRDA:29,7,0,0
BRDA:31,8,0,9
BRDA:33,9,0,7
BRF:10
BRH:8
end_of_record
